running egg_info
writing ../../build/gazebo_tools/gazebo_tools.egg-info/PKG-INFO
writing dependency_links to ../../build/gazebo_tools/gazebo_tools.egg-info/dependency_links.txt
writing entry points to ../../build/gazebo_tools/gazebo_tools.egg-info/entry_points.txt
writing requirements to ../../build/gazebo_tools/gazebo_tools.egg-info/requires.txt
writing top-level names to ../../build/gazebo_tools/gazebo_tools.egg-info/top_level.txt
reading manifest file '../../build/gazebo_tools/gazebo_tools.egg-info/SOURCES.txt'
writing manifest file '../../build/gazebo_tools/gazebo_tools.egg-info/SOURCES.txt'
running build
running build_py
running install
running install_lib
running install_data
copying launch/gazebo.launch.py -> /ieee_simulation/ws/install/gazebo_tools/share/gazebo_tools/launch
copying description/BaseMecanumURDF.urdf.xacro -> /ieee_simulation/ws/install/gazebo_tools/share/gazebo_tools/description
running install_egg_info
removing '/ieee_simulation/ws/install/gazebo_tools/lib/python3.10/site-packages/gazebo_tools-0.0.0-py3.10.egg-info' (and everything under it)
Copying ../../build/gazebo_tools/gazebo_tools.egg-info to /ieee_simulation/ws/install/gazebo_tools/lib/python3.10/site-packages/gazebo_tools-0.0.0-py3.10.egg-info
running install_scripts
writing list of installed files to '/ieee_simulation/ws/build/gazebo_tools/install.log'
