running develop
Removing /ieee_simulation/ws/install/nav_main/lib/python3.10/site-packages/nav-main.egg-link (link to .)
running egg_info
writing ../../build/nav_main/nav_main.egg-info/PKG-INFO
writing dependency_links to ../../build/nav_main/nav_main.egg-info/dependency_links.txt
writing entry points to ../../build/nav_main/nav_main.egg-info/entry_points.txt
writing requirements to ../../build/nav_main/nav_main.egg-info/requires.txt
writing top-level names to ../../build/nav_main/nav_main.egg-info/top_level.txt
reading manifest file '../../build/nav_main/nav_main.egg-info/SOURCES.txt'
writing manifest file '../../build/nav_main/nav_main.egg-info/SOURCES.txt'
running build
running build_py
creating /ieee_simulation/ws/build/nav_main/build
creating /ieee_simulation/ws/build/nav_main/build/lib
creating /ieee_simulation/ws/build/nav_main/build/lib/nav_main
copying nav_main/__init__.py -> /ieee_simulation/ws/build/nav_main/build/lib/nav_main
running install
running install_lib
creating /ieee_simulation/ws/install/nav_main/lib/python3.10/site-packages/nav_main
copying /ieee_simulation/ws/build/nav_main/build/lib/nav_main/__init__.py -> /ieee_simulation/ws/install/nav_main/lib/python3.10/site-packages/nav_main
byte-compiling /ieee_simulation/ws/install/nav_main/lib/python3.10/site-packages/nav_main/__init__.py to __init__.cpython-310.pyc
running install_data
copying resource/nav_main -> /ieee_simulation/ws/install/nav_main/share/ament_index/resource_index/packages
copying package.xml -> /ieee_simulation/ws/install/nav_main/share/nav_main
running install_egg_info
Copying ../../build/nav_main/nav_main.egg-info to /ieee_simulation/ws/install/nav_main/lib/python3.10/site-packages/nav_main-0.0.0-py3.10.egg-info
running install_scripts
writing list of installed files to '/ieee_simulation/ws/build/nav_main/install.log'
