[0.514s] Invoking command in '/ieee_simulation/ws/build/nav_main': PYTHONPATH=/ieee_simulation/ws/build/nav_main/prefix_override:/usr/lib/python3/dist-packages/colcon_core/task/python/colcon_distutils_commands:/ieee_simulation/ws/install/nav_main/lib/python3.10/site-packages:${PYTHONPATH} /usr/bin/python3 -W ignore:setup.py install is deprecated -W ignore:easy_install command is deprecated setup.py develop --uninstall --editable --build-directory /ieee_simulation/ws/build/nav_main/build
[0.676s] running develop
[0.760s] Removing /ieee_simulation/ws/install/nav_main/lib/python3.10/site-packages/nav-main.egg-link (link to .)
[0.781s] Invoked command in '/ieee_simulation/ws/build/nav_main' returned '0': PYTHONPATH=/ieee_simulation/ws/build/nav_main/prefix_override:/usr/lib/python3/dist-packages/colcon_core/task/python/colcon_distutils_commands:/ieee_simulation/ws/install/nav_main/lib/python3.10/site-packages:${PYTHONPATH} /usr/bin/python3 -W ignore:setup.py install is deprecated -W ignore:easy_install command is deprecated setup.py develop --uninstall --editable --build-directory /ieee_simulation/ws/build/nav_main/build
[0.782s] Invoking command in '/ieee_simulation/ws/src/nav_main': PYTHONPATH=/ieee_simulation/ws/build/nav_main/prefix_override:/usr/lib/python3/dist-packages/colcon_core/task/python/colcon_distutils_commands:/ieee_simulation/ws/install/nav_main/lib/python3.10/site-packages:${PYTHONPATH} /usr/bin/python3 -W ignore:setup.py install is deprecated -W ignore:easy_install command is deprecated setup.py egg_info --egg-base ../../build/nav_main build --build-base /ieee_simulation/ws/build/nav_main/build install --record /ieee_simulation/ws/build/nav_main/install.log --single-version-externally-managed install_data --force
[0.921s] running egg_info
[0.921s] writing ../../build/nav_main/nav_main.egg-info/PKG-INFO
[0.922s] writing dependency_links to ../../build/nav_main/nav_main.egg-info/dependency_links.txt
[0.922s] writing entry points to ../../build/nav_main/nav_main.egg-info/entry_points.txt
[0.922s] writing requirements to ../../build/nav_main/nav_main.egg-info/requires.txt
[0.922s] writing top-level names to ../../build/nav_main/nav_main.egg-info/top_level.txt
[0.924s] reading manifest file '../../build/nav_main/nav_main.egg-info/SOURCES.txt'
[0.924s] writing manifest file '../../build/nav_main/nav_main.egg-info/SOURCES.txt'
[0.924s] running build
[0.924s] running build_py
[0.925s] creating /ieee_simulation/ws/build/nav_main/build
[0.925s] creating /ieee_simulation/ws/build/nav_main/build/lib
[0.925s] creating /ieee_simulation/ws/build/nav_main/build/lib/nav_main
[0.925s] copying nav_main/__init__.py -> /ieee_simulation/ws/build/nav_main/build/lib/nav_main
[0.925s] running install
[0.925s] running install_lib
[0.925s] creating /ieee_simulation/ws/install/nav_main/lib/python3.10/site-packages/nav_main
[0.926s] copying /ieee_simulation/ws/build/nav_main/build/lib/nav_main/__init__.py -> /ieee_simulation/ws/install/nav_main/lib/python3.10/site-packages/nav_main
[0.926s] byte-compiling /ieee_simulation/ws/install/nav_main/lib/python3.10/site-packages/nav_main/__init__.py to __init__.cpython-310.pyc
[0.926s] running install_data
[0.926s] copying resource/nav_main -> /ieee_simulation/ws/install/nav_main/share/ament_index/resource_index/packages
[0.926s] copying package.xml -> /ieee_simulation/ws/install/nav_main/share/nav_main
[0.927s] running install_egg_info
[0.927s] Copying ../../build/nav_main/nav_main.egg-info to /ieee_simulation/ws/install/nav_main/lib/python3.10/site-packages/nav_main-0.0.0-py3.10.egg-info
[0.928s] running install_scripts
[0.942s] writing list of installed files to '/ieee_simulation/ws/build/nav_main/install.log'
[0.972s] Invoked command in '/ieee_simulation/ws/src/nav_main' returned '0': PYTHONPATH=/ieee_simulation/ws/build/nav_main/prefix_override:/usr/lib/python3/dist-packages/colcon_core/task/python/colcon_distutils_commands:/ieee_simulation/ws/install/nav_main/lib/python3.10/site-packages:${PYTHONPATH} /usr/bin/python3 -W ignore:setup.py install is deprecated -W ignore:easy_install command is deprecated setup.py egg_info --egg-base ../../build/nav_main build --build-base /ieee_simulation/ws/build/nav_main/build install --record /ieee_simulation/ws/build/nav_main/install.log --single-version-externally-managed install_data --force
