running develop
running egg_info
creating gazebo_tools.egg-info
writing gazebo_tools.egg-info/PKG-INFO
writing dependency_links to gazebo_tools.egg-info/dependency_links.txt
writing entry points to gazebo_tools.egg-info/entry_points.txt
writing requirements to gazebo_tools.egg-info/requires.txt
writing top-level names to gazebo_tools.egg-info/top_level.txt
writing manifest file 'gazebo_tools.egg-info/SOURCES.txt'
reading manifest file 'gazebo_tools.egg-info/SOURCES.txt'
writing manifest file 'gazebo_tools.egg-info/SOURCES.txt'
running build_ext
Creating /ieee_simulation/ws/install/gazebo_tools/lib/python3.10/site-packages/gazebo-tools.egg-link (link to .)

Installed /ieee_simulation/ws/build/gazebo_tools
running symlink_data
creating /ieee_simulation/ws/install/gazebo_tools/share/ament_index
creating /ieee_simulation/ws/install/gazebo_tools/share/ament_index/resource_index
creating /ieee_simulation/ws/install/gazebo_tools/share/ament_index/resource_index/packages
symbolically linking /ieee_simulation/ws/build/gazebo_tools/resource/gazebo_tools -> /ieee_simulation/ws/install/gazebo_tools/share/ament_index/resource_index/packages
symbolically linking /ieee_simulation/ws/build/gazebo_tools/package.xml -> /ieee_simulation/ws/install/gazebo_tools/share/gazebo_tools
creating /ieee_simulation/ws/install/gazebo_tools/share/gazebo_tools/launch
symbolically linking /ieee_simulation/ws/build/gazebo_tools/launch/gazebo.launch.py -> /ieee_simulation/ws/install/gazebo_tools/share/gazebo_tools/launch
creating /ieee_simulation/ws/install/gazebo_tools/share/gazebo_tools/description
symbolically linking /ieee_simulation/ws/build/gazebo_tools/description/my_robot.urdf.xacro -> /ieee_simulation/ws/install/gazebo_tools/share/gazebo_tools/description
symbolically linking /ieee_simulation/ws/build/gazebo_tools/description/BaseMecanumURDF.urdf -> /ieee_simulation/ws/install/gazebo_tools/share/gazebo_tools/description
symbolically linking /ieee_simulation/ws/build/gazebo_tools/description/MiningMayhemField.urdf -> /ieee_simulation/ws/install/gazebo_tools/share/gazebo_tools/description
creating /ieee_simulation/ws/install/gazebo_tools/share/gazebo_tools/rviz
symbolically linking /ieee_simulation/ws/build/gazebo_tools/rviz/stage.rviz -> /ieee_simulation/ws/install/gazebo_tools/share/gazebo_tools/rviz
creating /ieee_simulation/ws/install/gazebo_tools/share/gazebo_tools/worlds
symbolically linking /ieee_simulation/ws/build/gazebo_tools/worlds/stage.sdf -> /ieee_simulation/ws/install/gazebo_tools/share/gazebo_tools/worlds
creating /ieee_simulation/ws/install/gazebo_tools/share/gazebo_tools/meshes
creating /ieee_simulation/ws/install/gazebo_tools/share/gazebo_tools/meshes/robot
symbolically linking /ieee_simulation/ws/build/gazebo_tools/meshes/robot/C_r6.STL -> /ieee_simulation/ws/install/gazebo_tools/share/gazebo_tools/meshes/robot
symbolically linking /ieee_simulation/ws/build/gazebo_tools/meshes/robot/B_r5.STL -> /ieee_simulation/ws/install/gazebo_tools/share/gazebo_tools/meshes/robot
symbolically linking /ieee_simulation/ws/build/gazebo_tools/meshes/robot/A_r8.STL -> /ieee_simulation/ws/install/gazebo_tools/share/gazebo_tools/meshes/robot
symbolically linking /ieee_simulation/ws/build/gazebo_tools/meshes/robot/FrontLeft_wheel.STL -> /ieee_simulation/ws/install/gazebo_tools/share/gazebo_tools/meshes/robot
symbolically linking /ieee_simulation/ws/build/gazebo_tools/meshes/robot/D_r2.STL -> /ieee_simulation/ws/install/gazebo_tools/share/gazebo_tools/meshes/robot
symbolically linking /ieee_simulation/ws/build/gazebo_tools/meshes/robot/A_r7.STL -> /ieee_simulation/ws/install/gazebo_tools/share/gazebo_tools/meshes/robot
symbolically linking /ieee_simulation/ws/build/gazebo_tools/meshes/robot/B_r2.STL -> /ieee_simulation/ws/install/gazebo_tools/share/gazebo_tools/meshes/robot
symbolically linking /ieee_simulation/ws/build/gazebo_tools/meshes/robot/D_r7.STL -> /ieee_simulation/ws/install/gazebo_tools/share/gazebo_tools/meshes/robot
symbolically linking /ieee_simulation/ws/build/gazebo_tools/meshes/robot/D_r4.STL -> /ieee_simulation/ws/install/gazebo_tools/share/gazebo_tools/meshes/robot
symbolically linking /ieee_simulation/ws/build/gazebo_tools/meshes/robot/BackLeft_wheel.STL -> /ieee_simulation/ws/install/gazebo_tools/share/gazebo_tools/meshes/robot
symbolically linking /ieee_simulation/ws/build/gazebo_tools/meshes/robot/base_link.STL -> /ieee_simulation/ws/install/gazebo_tools/share/gazebo_tools/meshes/robot
symbolically linking /ieee_simulation/ws/build/gazebo_tools/meshes/robot/A_r2.STL -> /ieee_simulation/ws/install/gazebo_tools/share/gazebo_tools/meshes/robot
symbolically linking /ieee_simulation/ws/build/gazebo_tools/meshes/robot/D_r5.STL -> /ieee_simulation/ws/install/gazebo_tools/share/gazebo_tools/meshes/robot
symbolically linking /ieee_simulation/ws/build/gazebo_tools/meshes/robot/A_r5.STL -> /ieee_simulation/ws/install/gazebo_tools/share/gazebo_tools/meshes/robot
symbolically linking /ieee_simulation/ws/build/gazebo_tools/meshes/robot/D_r3.STL -> /ieee_simulation/ws/install/gazebo_tools/share/gazebo_tools/meshes/robot
symbolically linking /ieee_simulation/ws/build/gazebo_tools/meshes/robot/A_r3.STL -> /ieee_simulation/ws/install/gazebo_tools/share/gazebo_tools/meshes/robot
symbolically linking /ieee_simulation/ws/build/gazebo_tools/meshes/robot/C_r8.STL -> /ieee_simulation/ws/install/gazebo_tools/share/gazebo_tools/meshes/robot
symbolically linking /ieee_simulation/ws/build/gazebo_tools/meshes/robot/B_r4.STL -> /ieee_simulation/ws/install/gazebo_tools/share/gazebo_tools/meshes/robot
symbolically linking /ieee_simulation/ws/build/gazebo_tools/meshes/robot/D_r6.STL -> /ieee_simulation/ws/install/gazebo_tools/share/gazebo_tools/meshes/robot
symbolically linking /ieee_simulation/ws/build/gazebo_tools/meshes/robot/A_r1.STL -> /ieee_simulation/ws/install/gazebo_tools/share/gazebo_tools/meshes/robot
symbolically linking /ieee_simulation/ws/build/gazebo_tools/meshes/robot/D_r8.STL -> /ieee_simulation/ws/install/gazebo_tools/share/gazebo_tools/meshes/robot
symbolically linking /ieee_simulation/ws/build/gazebo_tools/meshes/robot/C_r2.STL -> /ieee_simulation/ws/install/gazebo_tools/share/gazebo_tools/meshes/robot
symbolically linking /ieee_simulation/ws/build/gazebo_tools/meshes/robot/C_r1.STL -> /ieee_simulation/ws/install/gazebo_tools/share/gazebo_tools/meshes/robot
symbolically linking /ieee_simulation/ws/build/gazebo_tools/meshes/robot/D_r1.STL -> /ieee_simulation/ws/install/gazebo_tools/share/gazebo_tools/meshes/robot
symbolically linking /ieee_simulation/ws/build/gazebo_tools/meshes/robot/B_r7.STL -> /ieee_simulation/ws/install/gazebo_tools/share/gazebo_tools/meshes/robot
symbolically linking /ieee_simulation/ws/build/gazebo_tools/meshes/robot/BackRight_wheel.STL -> /ieee_simulation/ws/install/gazebo_tools/share/gazebo_tools/meshes/robot
symbolically linking /ieee_simulation/ws/build/gazebo_tools/meshes/robot/B_r1.STL -> /ieee_simulation/ws/install/gazebo_tools/share/gazebo_tools/meshes/robot
symbolically linking /ieee_simulation/ws/build/gazebo_tools/meshes/robot/B_r8.STL -> /ieee_simulation/ws/install/gazebo_tools/share/gazebo_tools/meshes/robot
symbolically linking /ieee_simulation/ws/build/gazebo_tools/meshes/robot/A_r4.STL -> /ieee_simulation/ws/install/gazebo_tools/share/gazebo_tools/meshes/robot
symbolically linking /ieee_simulation/ws/build/gazebo_tools/meshes/robot/C_r5.STL -> /ieee_simulation/ws/install/gazebo_tools/share/gazebo_tools/meshes/robot
symbolically linking /ieee_simulation/ws/build/gazebo_tools/meshes/robot/FrontRight_wheel.STL -> /ieee_simulation/ws/install/gazebo_tools/share/gazebo_tools/meshes/robot
symbolically linking /ieee_simulation/ws/build/gazebo_tools/meshes/robot/B_r3.STL -> /ieee_simulation/ws/install/gazebo_tools/share/gazebo_tools/meshes/robot
symbolically linking /ieee_simulation/ws/build/gazebo_tools/meshes/robot/B_r6.STL -> /ieee_simulation/ws/install/gazebo_tools/share/gazebo_tools/meshes/robot
symbolically linking /ieee_simulation/ws/build/gazebo_tools/meshes/robot/C_r3.STL -> /ieee_simulation/ws/install/gazebo_tools/share/gazebo_tools/meshes/robot
symbolically linking /ieee_simulation/ws/build/gazebo_tools/meshes/robot/A_r6.STL -> /ieee_simulation/ws/install/gazebo_tools/share/gazebo_tools/meshes/robot
symbolically linking /ieee_simulation/ws/build/gazebo_tools/meshes/robot/C_r7.STL -> /ieee_simulation/ws/install/gazebo_tools/share/gazebo_tools/meshes/robot
symbolically linking /ieee_simulation/ws/build/gazebo_tools/meshes/robot/C_r4.STL -> /ieee_simulation/ws/install/gazebo_tools/share/gazebo_tools/meshes/robot
creating /ieee_simulation/ws/install/gazebo_tools/share/gazebo_tools/meshes/stage
symbolically linking /ieee_simulation/ws/build/gazebo_tools/meshes/stage/base_link.STL -> /ieee_simulation/ws/install/gazebo_tools/share/gazebo_tools/meshes/stage
