[1.526s] Invoking command in '/ieee_simulation/ws/build/gazebo_tools': PYTHONPATH=/ieee_simulation/ws/build/gazebo_tools/prefix_override:/usr/lib/python3/dist-packages/colcon_core/task/python/colcon_distutils_commands:/ieee_simulation/ws/install/gazebo_tools/lib/python3.10/site-packages:${PYTHONPATH} /usr/bin/python3 -W ignore:setup.py install is deprecated -W ignore:easy_install command is deprecated setup.py develop --editable --build-directory /ieee_simulation/ws/build/gazebo_tools/build --no-deps symlink_data
[2.006s] running develop
[2.281s] running egg_info
[2.281s] creating gazebo_tools.egg-info
[2.281s] writing gazebo_tools.egg-info/PKG-INFO
[2.282s] writing dependency_links to gazebo_tools.egg-info/dependency_links.txt
[2.282s] writing entry points to gazebo_tools.egg-info/entry_points.txt
[2.282s] writing requirements to gazebo_tools.egg-info/requires.txt
[2.282s] writing top-level names to gazebo_tools.egg-info/top_level.txt
[2.283s] writing manifest file 'gazebo_tools.egg-info/SOURCES.txt'
[2.286s] reading manifest file 'gazebo_tools.egg-info/SOURCES.txt'
[2.287s] writing manifest file 'gazebo_tools.egg-info/SOURCES.txt'
[2.290s] running build_ext
[2.291s] Creating /ieee_simulation/ws/install/gazebo_tools/lib/python3.10/site-packages/gazebo-tools.egg-link (link to .)
[2.292s] 
[2.293s] Installed /ieee_simulation/ws/build/gazebo_tools
[2.293s] running symlink_data
[2.293s] creating /ieee_simulation/ws/install/gazebo_tools/share/ament_index
[2.294s] creating /ieee_simulation/ws/install/gazebo_tools/share/ament_index/resource_index
[2.294s] creating /ieee_simulation/ws/install/gazebo_tools/share/ament_index/resource_index/packages
[2.294s] symbolically linking /ieee_simulation/ws/build/gazebo_tools/resource/gazebo_tools -> /ieee_simulation/ws/install/gazebo_tools/share/ament_index/resource_index/packages
[2.294s] symbolically linking /ieee_simulation/ws/build/gazebo_tools/package.xml -> /ieee_simulation/ws/install/gazebo_tools/share/gazebo_tools
[2.294s] creating /ieee_simulation/ws/install/gazebo_tools/share/gazebo_tools/launch
[2.294s] symbolically linking /ieee_simulation/ws/build/gazebo_tools/launch/gazebo.launch.py -> /ieee_simulation/ws/install/gazebo_tools/share/gazebo_tools/launch
[2.295s] creating /ieee_simulation/ws/install/gazebo_tools/share/gazebo_tools/description
[2.295s] symbolically linking /ieee_simulation/ws/build/gazebo_tools/description/my_robot.urdf.xacro -> /ieee_simulation/ws/install/gazebo_tools/share/gazebo_tools/description
[2.295s] creating /ieee_simulation/ws/install/gazebo_tools/share/gazebo_tools/rviz
[2.295s] symbolically linking /ieee_simulation/ws/build/gazebo_tools/rviz/stage.rviz -> /ieee_simulation/ws/install/gazebo_tools/share/gazebo_tools/rviz
[2.295s] creating /ieee_simulation/ws/install/gazebo_tools/share/gazebo_tools/worlds
[2.295s] symbolically linking /ieee_simulation/ws/build/gazebo_tools/worlds/stage.sdf -> /ieee_simulation/ws/install/gazebo_tools/share/gazebo_tools/worlds
[2.374s] Invoked command in '/ieee_simulation/ws/build/gazebo_tools' returned '0': PYTHONPATH=/ieee_simulation/ws/build/gazebo_tools/prefix_override:/usr/lib/python3/dist-packages/colcon_core/task/python/colcon_distutils_commands:/ieee_simulation/ws/install/gazebo_tools/lib/python3.10/site-packages:${PYTHONPATH} /usr/bin/python3 -W ignore:setup.py install is deprecated -W ignore:easy_install command is deprecated setup.py develop --editable --build-directory /ieee_simulation/ws/build/gazebo_tools/build --no-deps symlink_data
