running develop
running egg_info
creating gazebo_tools.egg-info
writing gazebo_tools.egg-info/PKG-INFO
writing dependency_links to gazebo_tools.egg-info/dependency_links.txt
writing entry points to gazebo_tools.egg-info/entry_points.txt
writing requirements to gazebo_tools.egg-info/requires.txt
writing top-level names to gazebo_tools.egg-info/top_level.txt
writing manifest file 'gazebo_tools.egg-info/SOURCES.txt'
reading manifest file 'gazebo_tools.egg-info/SOURCES.txt'
writing manifest file 'gazebo_tools.egg-info/SOURCES.txt'
running build_ext
Creating /ieee_simulation/ws/install/gazebo_tools/lib/python3.10/site-packages/gazebo-tools.egg-link (link to .)

Installed /ieee_simulation/ws/build/gazebo_tools
running symlink_data
creating /ieee_simulation/ws/install/gazebo_tools/share/ament_index
creating /ieee_simulation/ws/install/gazebo_tools/share/ament_index/resource_index
creating /ieee_simulation/ws/install/gazebo_tools/share/ament_index/resource_index/packages
symbolically linking /ieee_simulation/ws/build/gazebo_tools/resource/gazebo_tools -> /ieee_simulation/ws/install/gazebo_tools/share/ament_index/resource_index/packages
symbolically linking /ieee_simulation/ws/build/gazebo_tools/package.xml -> /ieee_simulation/ws/install/gazebo_tools/share/gazebo_tools
