[0.484s] Invoking command in '/ieee_simulation/ws/build/gazebo_tools': PYTHONPATH=/ieee_simulation/ws/build/gazebo_tools/prefix_override:/usr/lib/python3/dist-packages/colcon_core/task/python/colcon_distutils_commands:/ieee_simulation/ws/install/gazebo_tools/lib/python3.10/site-packages:${PYTHONPATH} /usr/bin/python3 -W ignore:setup.py install is deprecated -W ignore:easy_install command is deprecated setup.py develop --editable --build-directory /ieee_simulation/ws/build/gazebo_tools/build --no-deps symlink_data
[0.629s] running develop
[0.706s] running egg_info
[0.706s] creating gazebo_tools.egg-info
[0.706s] writing gazebo_tools.egg-info/PKG-INFO
[0.706s] writing dependency_links to gazebo_tools.egg-info/dependency_links.txt
[0.706s] writing entry points to gazebo_tools.egg-info/entry_points.txt
[0.707s] writing requirements to gazebo_tools.egg-info/requires.txt
[0.707s] writing top-level names to gazebo_tools.egg-info/top_level.txt
[0.707s] writing manifest file 'gazebo_tools.egg-info/SOURCES.txt'
[0.708s] reading manifest file 'gazebo_tools.egg-info/SOURCES.txt'
[0.708s] writing manifest file 'gazebo_tools.egg-info/SOURCES.txt'
[0.709s] running build_ext
[0.709s] Creating /ieee_simulation/ws/install/gazebo_tools/lib/python3.10/site-packages/gazebo-tools.egg-link (link to .)
[0.710s] 
[0.710s] Installed /ieee_simulation/ws/build/gazebo_tools
[0.710s] running symlink_data
[0.710s] creating /ieee_simulation/ws/install/gazebo_tools/share/ament_index
[0.710s] creating /ieee_simulation/ws/install/gazebo_tools/share/ament_index/resource_index
[0.710s] creating /ieee_simulation/ws/install/gazebo_tools/share/ament_index/resource_index/packages
[0.710s] symbolically linking /ieee_simulation/ws/build/gazebo_tools/resource/gazebo_tools -> /ieee_simulation/ws/install/gazebo_tools/share/ament_index/resource_index/packages
[0.710s] symbolically linking /ieee_simulation/ws/build/gazebo_tools/package.xml -> /ieee_simulation/ws/install/gazebo_tools/share/gazebo_tools
[0.740s] Invoked command in '/ieee_simulation/ws/build/gazebo_tools' returned '0': PYTHONPATH=/ieee_simulation/ws/build/gazebo_tools/prefix_override:/usr/lib/python3/dist-packages/colcon_core/task/python/colcon_distutils_commands:/ieee_simulation/ws/install/gazebo_tools/lib/python3.10/site-packages:${PYTHONPATH} /usr/bin/python3 -W ignore:setup.py install is deprecated -W ignore:easy_install command is deprecated setup.py develop --editable --build-directory /ieee_simulation/ws/build/gazebo_tools/build --no-deps symlink_data
