[0.523s] Invoking command in '/ieee_simulation/ws/build/nav_main': PYTHONPATH=/ieee_simulation/ws/build/nav_main/prefix_override:/usr/lib/python3/dist-packages/colcon_core/task/python/colcon_distutils_commands:/ieee_simulation/ws/install/nav_main/lib/python3.10/site-packages:${PYTHONPATH} /usr/bin/python3 -W ignore:setup.py install is deprecated -W ignore:easy_install command is deprecated setup.py develop --editable --build-directory /ieee_simulation/ws/build/nav_main/build --no-deps symlink_data
[0.688s] running develop
[0.774s] running egg_info
[0.774s] creating nav_main.egg-info
[0.774s] writing nav_main.egg-info/PKG-INFO
[0.774s] writing dependency_links to nav_main.egg-info/dependency_links.txt
[0.774s] writing entry points to nav_main.egg-info/entry_points.txt
[0.774s] writing requirements to nav_main.egg-info/requires.txt
[0.774s] writing top-level names to nav_main.egg-info/top_level.txt
[0.774s] writing manifest file 'nav_main.egg-info/SOURCES.txt'
[0.775s] reading manifest file 'nav_main.egg-info/SOURCES.txt'
[0.776s] writing manifest file 'nav_main.egg-info/SOURCES.txt'
[0.777s] running build_ext
[0.777s] Creating /ieee_simulation/ws/install/nav_main/lib/python3.10/site-packages/nav-main.egg-link (link to .)
[0.777s] Installing holonomic_controller script to /ieee_simulation/ws/install/nav_main/lib/nav_main
[0.777s] 
[0.778s] Installed /ieee_simulation/ws/build/nav_main
[0.778s] running symlink_data
[0.778s] creating /ieee_simulation/ws/install/nav_main/share/ament_index
[0.778s] creating /ieee_simulation/ws/install/nav_main/share/ament_index/resource_index
[0.778s] creating /ieee_simulation/ws/install/nav_main/share/ament_index/resource_index/packages
[0.778s] symbolically linking /ieee_simulation/ws/build/nav_main/resource/nav_main -> /ieee_simulation/ws/install/nav_main/share/ament_index/resource_index/packages
[0.778s] symbolically linking /ieee_simulation/ws/build/nav_main/package.xml -> /ieee_simulation/ws/install/nav_main/share/nav_main
[0.778s] creating /ieee_simulation/ws/install/nav_main/share/nav_main/scripts
[0.778s] creating /ieee_simulation/ws/install/nav_main/share/nav_main/launch
[0.778s] symbolically linking /ieee_simulation/ws/build/nav_main/launch/gazebo_simulator.launch.xml -> /ieee_simulation/ws/install/nav_main/share/nav_main/launch
[0.778s] symbolically linking /ieee_simulation/ws/build/nav_main/launch/gazebo_simulator.launch.py -> /ieee_simulation/ws/install/nav_main/share/nav_main/launch
[0.778s] creating /ieee_simulation/ws/install/nav_main/share/nav_main/config
[0.779s] symbolically linking /ieee_simulation/ws/build/nav_main/config/holonomic_velocity_controller.yaml -> /ieee_simulation/ws/install/nav_main/share/nav_main/config
[0.803s] Invoked command in '/ieee_simulation/ws/build/nav_main' returned '0': PYTHONPATH=/ieee_simulation/ws/build/nav_main/prefix_override:/usr/lib/python3/dist-packages/colcon_core/task/python/colcon_distutils_commands:/ieee_simulation/ws/install/nav_main/lib/python3.10/site-packages:${PYTHONPATH} /usr/bin/python3 -W ignore:setup.py install is deprecated -W ignore:easy_install command is deprecated setup.py develop --editable --build-directory /ieee_simulation/ws/build/nav_main/build --no-deps symlink_data
