[0.547s] Invoking command in '/ieee_simulation/ws/src/nav_main': PYTHONPATH=/ieee_simulation/ws/build/nav_main/prefix_override:/usr/lib/python3/dist-packages/colcon_core/task/python/colcon_distutils_commands:/ieee_simulation/ws/install/nav_main/lib/python3.10/site-packages:${PYTHONPATH} /usr/bin/python3 -W ignore:setup.py install is deprecated -W ignore:easy_install command is deprecated setup.py egg_info --egg-base ../../build/nav_main build --build-base /ieee_simulation/ws/build/nav_main/build install --record /ieee_simulation/ws/build/nav_main/install.log --single-version-externally-managed install_data
[0.692s] running egg_info
[0.692s] writing ../../build/nav_main/nav_main.egg-info/PKG-INFO
[0.692s] writing dependency_links to ../../build/nav_main/nav_main.egg-info/dependency_links.txt
[0.692s] writing entry points to ../../build/nav_main/nav_main.egg-info/entry_points.txt
[0.692s] writing requirements to ../../build/nav_main/nav_main.egg-info/requires.txt
[0.693s] writing top-level names to ../../build/nav_main/nav_main.egg-info/top_level.txt
[0.694s] reading manifest file '../../build/nav_main/nav_main.egg-info/SOURCES.txt'
[0.694s] writing manifest file '../../build/nav_main/nav_main.egg-info/SOURCES.txt'
[0.694s] running build
[0.694s] running build_py
[0.694s] copying nav_main/holonomic_controller.py -> /ieee_simulation/ws/build/nav_main/build/lib/nav_main
[0.695s] running install
[0.695s] running install_lib
[0.695s] copying /ieee_simulation/ws/build/nav_main/build/lib/nav_main/holonomic_controller.py -> /ieee_simulation/ws/install/nav_main/lib/python3.10/site-packages/nav_main
[0.696s] byte-compiling /ieee_simulation/ws/install/nav_main/lib/python3.10/site-packages/nav_main/holonomic_controller.py to holonomic_controller.cpython-310.pyc
[0.696s] running install_data
[0.697s] running install_egg_info
[0.698s] removing '/ieee_simulation/ws/install/nav_main/lib/python3.10/site-packages/nav_main-0.0.0-py3.10.egg-info' (and everything under it)
[0.698s] Copying ../../build/nav_main/nav_main.egg-info to /ieee_simulation/ws/install/nav_main/lib/python3.10/site-packages/nav_main-0.0.0-py3.10.egg-info
[0.698s] running install_scripts
[0.713s] Installing holonomic_controller script to /ieee_simulation/ws/install/nav_main/lib/nav_main
[0.713s] writing list of installed files to '/ieee_simulation/ws/build/nav_main/install.log'
[0.743s] Invoked command in '/ieee_simulation/ws/src/nav_main' returned '0': PYTHONPATH=/ieee_simulation/ws/build/nav_main/prefix_override:/usr/lib/python3/dist-packages/colcon_core/task/python/colcon_distutils_commands:/ieee_simulation/ws/install/nav_main/lib/python3.10/site-packages:${PYTHONPATH} /usr/bin/python3 -W ignore:setup.py install is deprecated -W ignore:easy_install command is deprecated setup.py egg_info --egg-base ../../build/nav_main build --build-base /ieee_simulation/ws/build/nav_main/build install --record /ieee_simulation/ws/build/nav_main/install.log --single-version-externally-managed install_data
