running egg_info
writing ../../build/nav_main/nav_main.egg-info/PKG-INFO
writing dependency_links to ../../build/nav_main/nav_main.egg-info/dependency_links.txt
writing entry points to ../../build/nav_main/nav_main.egg-info/entry_points.txt
writing requirements to ../../build/nav_main/nav_main.egg-info/requires.txt
writing top-level names to ../../build/nav_main/nav_main.egg-info/top_level.txt
reading manifest file '../../build/nav_main/nav_main.egg-info/SOURCES.txt'
writing manifest file '../../build/nav_main/nav_main.egg-info/SOURCES.txt'
running build
running build_py
copying nav_main/holonomic_controller.py -> /ieee_simulation/ws/build/nav_main/build/lib/nav_main
running install
running install_lib
copying /ieee_simulation/ws/build/nav_main/build/lib/nav_main/holonomic_controller.py -> /ieee_simulation/ws/install/nav_main/lib/python3.10/site-packages/nav_main
byte-compiling /ieee_simulation/ws/install/nav_main/lib/python3.10/site-packages/nav_main/holonomic_controller.py to holonomic_controller.cpython-310.pyc
running install_data
copying launch/gazebo_simulator.launch.py -> /ieee_simulation/ws/install/nav_main/share/nav_main/launch
copying config/holonomic_velocity_controller.yaml -> /ieee_simulation/ws/install/nav_main/share/nav_main/config
running install_egg_info
removing '/ieee_simulation/ws/install/nav_main/lib/python3.10/site-packages/nav_main-0.0.0-py3.10.egg-info' (and everything under it)
Copying ../../build/nav_main/nav_main.egg-info to /ieee_simulation/ws/install/nav_main/lib/python3.10/site-packages/nav_main-0.0.0-py3.10.egg-info
running install_scripts
Installing holonomic_controller script to /ieee_simulation/ws/install/nav_main/lib/nav_main
writing list of installed files to '/ieee_simulation/ws/build/nav_main/install.log'
