/ieee_simulation/ws/install/gazebo_tools/lib/python3.10/site-packages/gazebo_tools/__init__.py
/ieee_simulation/ws/install/gazebo_tools/lib/python3.10/site-packages/gazebo_tools/__pycache__/__init__.cpython-310.pyc
/ieee_simulation/ws/install/gazebo_tools/share/ament_index/resource_index/packages/gazebo_tools
/ieee_simulation/ws/install/gazebo_tools/share/gazebo_tools/package.xml
/ieee_simulation/ws/install/gazebo_tools/share/gazebo_tools/launch/gazebo.launch.py
/ieee_simulation/ws/install/gazebo_tools/share/gazebo_tools/description/BaseMecanumURDF.urdf.xacro
/ieee_simulation/ws/install/gazebo_tools/share/gazebo_tools/description/BaseMecanumURDF_old.urdf.xacro
/ieee_simulation/ws/install/gazebo_tools/share/gazebo_tools/description/my_robot.urdf.xacro
/ieee_simulation/ws/install/gazebo_tools/share/gazebo_tools/description/MiningMayhemField.urdf
/ieee_simulation/ws/install/gazebo_tools/share/gazebo_tools/rviz/stage.rviz
/ieee_simulation/ws/install/gazebo_tools/share/gazebo_tools/worlds/stage.sdf
/ieee_simulation/ws/install/gazebo_tools/share/gazebo_tools/meshes/robot/C_r6.STL
/ieee_simulation/ws/install/gazebo_tools/share/gazebo_tools/meshes/robot/B_r5.STL
/ieee_simulation/ws/install/gazebo_tools/share/gazebo_tools/meshes/robot/A_r8.STL
/ieee_simulation/ws/install/gazebo_tools/share/gazebo_tools/meshes/robot/FrontLeft_wheel.STL
/ieee_simulation/ws/install/gazebo_tools/share/gazebo_tools/meshes/robot/D_r2.STL
/ieee_simulation/ws/install/gazebo_tools/share/gazebo_tools/meshes/robot/A_r7.STL
/ieee_simulation/ws/install/gazebo_tools/share/gazebo_tools/meshes/robot/B_r2.STL
/ieee_simulation/ws/install/gazebo_tools/share/gazebo_tools/meshes/robot/D_r7.STL
/ieee_simulation/ws/install/gazebo_tools/share/gazebo_tools/meshes/robot/D_r4.STL
/ieee_simulation/ws/install/gazebo_tools/share/gazebo_tools/meshes/robot/BackLeft_wheel.STL
/ieee_simulation/ws/install/gazebo_tools/share/gazebo_tools/meshes/robot/base_link.STL
/ieee_simulation/ws/install/gazebo_tools/share/gazebo_tools/meshes/robot/A_r2.STL
/ieee_simulation/ws/install/gazebo_tools/share/gazebo_tools/meshes/robot/D_r5.STL
/ieee_simulation/ws/install/gazebo_tools/share/gazebo_tools/meshes/robot/A_r5.STL
/ieee_simulation/ws/install/gazebo_tools/share/gazebo_tools/meshes/robot/D_r3.STL
/ieee_simulation/ws/install/gazebo_tools/share/gazebo_tools/meshes/robot/A_r3.STL
/ieee_simulation/ws/install/gazebo_tools/share/gazebo_tools/meshes/robot/C_r8.STL
/ieee_simulation/ws/install/gazebo_tools/share/gazebo_tools/meshes/robot/B_r4.STL
/ieee_simulation/ws/install/gazebo_tools/share/gazebo_tools/meshes/robot/D_r6.STL
/ieee_simulation/ws/install/gazebo_tools/share/gazebo_tools/meshes/robot/A_r1.STL
/ieee_simulation/ws/install/gazebo_tools/share/gazebo_tools/meshes/robot/D_r8.STL
/ieee_simulation/ws/install/gazebo_tools/share/gazebo_tools/meshes/robot/C_r2.STL
/ieee_simulation/ws/install/gazebo_tools/share/gazebo_tools/meshes/robot/C_r1.STL
/ieee_simulation/ws/install/gazebo_tools/share/gazebo_tools/meshes/robot/D_r1.STL
/ieee_simulation/ws/install/gazebo_tools/share/gazebo_tools/meshes/robot/B_r7.STL
/ieee_simulation/ws/install/gazebo_tools/share/gazebo_tools/meshes/robot/BackRight_wheel.STL
/ieee_simulation/ws/install/gazebo_tools/share/gazebo_tools/meshes/robot/B_r1.STL
/ieee_simulation/ws/install/gazebo_tools/share/gazebo_tools/meshes/robot/B_r8.STL
/ieee_simulation/ws/install/gazebo_tools/share/gazebo_tools/meshes/robot/A_r4.STL
/ieee_simulation/ws/install/gazebo_tools/share/gazebo_tools/meshes/robot/C_r5.STL
/ieee_simulation/ws/install/gazebo_tools/share/gazebo_tools/meshes/robot/FrontRight_wheel.STL
/ieee_simulation/ws/install/gazebo_tools/share/gazebo_tools/meshes/robot/B_r3.STL
/ieee_simulation/ws/install/gazebo_tools/share/gazebo_tools/meshes/robot/B_r6.STL
/ieee_simulation/ws/install/gazebo_tools/share/gazebo_tools/meshes/robot/C_r3.STL
/ieee_simulation/ws/install/gazebo_tools/share/gazebo_tools/meshes/robot/A_r6.STL
/ieee_simulation/ws/install/gazebo_tools/share/gazebo_tools/meshes/robot/C_r7.STL
/ieee_simulation/ws/install/gazebo_tools/share/gazebo_tools/meshes/robot/C_r4.STL
/ieee_simulation/ws/install/gazebo_tools/share/gazebo_tools/meshes/stage/base_link.STL
/ieee_simulation/ws/install/gazebo_tools/lib/python3.10/site-packages/gazebo_tools-0.0.0-py3.10.egg-info/dependency_links.txt
/ieee_simulation/ws/install/gazebo_tools/lib/python3.10/site-packages/gazebo_tools-0.0.0-py3.10.egg-info/zip-safe
/ieee_simulation/ws/install/gazebo_tools/lib/python3.10/site-packages/gazebo_tools-0.0.0-py3.10.egg-info/top_level.txt
/ieee_simulation/ws/install/gazebo_tools/lib/python3.10/site-packages/gazebo_tools-0.0.0-py3.10.egg-info/PKG-INFO
/ieee_simulation/ws/install/gazebo_tools/lib/python3.10/site-packages/gazebo_tools-0.0.0-py3.10.egg-info/entry_points.txt
/ieee_simulation/ws/install/gazebo_tools/lib/python3.10/site-packages/gazebo_tools-0.0.0-py3.10.egg-info/SOURCES.txt
/ieee_simulation/ws/install/gazebo_tools/lib/python3.10/site-packages/gazebo_tools-0.0.0-py3.10.egg-info/requires.txt
