[0.521s] Invoking command in '/ieee_simulation/ws/build/gazebo_tools': PYTHONPATH=/ieee_simulation/ws/build/gazebo_tools/prefix_override:/usr/lib/python3/dist-packages/colcon_core/task/python/colcon_distutils_commands:/ieee_simulation/ws/install/gazebo_tools/lib/python3.10/site-packages:${PYTHONPATH} /usr/bin/python3 -W ignore:setup.py install is deprecated -W ignore:easy_install command is deprecated setup.py develop --uninstall --editable --build-directory /ieee_simulation/ws/build/gazebo_tools/build
[0.679s] running develop
[0.764s] Removing /ieee_simulation/ws/install/gazebo_tools/lib/python3.10/site-packages/gazebo-tools.egg-link (link to .)
[0.785s] Invoked command in '/ieee_simulation/ws/build/gazebo_tools' returned '0': PYTHONPATH=/ieee_simulation/ws/build/gazebo_tools/prefix_override:/usr/lib/python3/dist-packages/colcon_core/task/python/colcon_distutils_commands:/ieee_simulation/ws/install/gazebo_tools/lib/python3.10/site-packages:${PYTHONPATH} /usr/bin/python3 -W ignore:setup.py install is deprecated -W ignore:easy_install command is deprecated setup.py develop --uninstall --editable --build-directory /ieee_simulation/ws/build/gazebo_tools/build
[0.787s] Invoking command in '/ieee_simulation/ws/src/gazebo_tools': PYTHONPATH=/ieee_simulation/ws/build/gazebo_tools/prefix_override:/usr/lib/python3/dist-packages/colcon_core/task/python/colcon_distutils_commands:/ieee_simulation/ws/install/gazebo_tools/lib/python3.10/site-packages:${PYTHONPATH} /usr/bin/python3 -W ignore:setup.py install is deprecated -W ignore:easy_install command is deprecated setup.py egg_info --egg-base ../../build/gazebo_tools build --build-base /ieee_simulation/ws/build/gazebo_tools/build install --record /ieee_simulation/ws/build/gazebo_tools/install.log --single-version-externally-managed install_data --force
[0.927s] running egg_info
[0.929s] writing ../../build/gazebo_tools/gazebo_tools.egg-info/PKG-INFO
[0.929s] writing dependency_links to ../../build/gazebo_tools/gazebo_tools.egg-info/dependency_links.txt
[0.929s] writing entry points to ../../build/gazebo_tools/gazebo_tools.egg-info/entry_points.txt
[0.929s] writing requirements to ../../build/gazebo_tools/gazebo_tools.egg-info/requires.txt
[0.929s] writing top-level names to ../../build/gazebo_tools/gazebo_tools.egg-info/top_level.txt
[0.930s] reading manifest file '../../build/gazebo_tools/gazebo_tools.egg-info/SOURCES.txt'
[0.931s] writing manifest file '../../build/gazebo_tools/gazebo_tools.egg-info/SOURCES.txt'
[0.931s] running build
[0.931s] running build_py
[0.931s] creating /ieee_simulation/ws/build/gazebo_tools/build
[0.931s] creating /ieee_simulation/ws/build/gazebo_tools/build/lib
[0.931s] creating /ieee_simulation/ws/build/gazebo_tools/build/lib/gazebo_tools
[0.931s] copying gazebo_tools/__init__.py -> /ieee_simulation/ws/build/gazebo_tools/build/lib/gazebo_tools
[0.931s] running install
[0.931s] running install_lib
[0.932s] creating /ieee_simulation/ws/install/gazebo_tools/lib/python3.10/site-packages/gazebo_tools
[0.932s] copying /ieee_simulation/ws/build/gazebo_tools/build/lib/gazebo_tools/__init__.py -> /ieee_simulation/ws/install/gazebo_tools/lib/python3.10/site-packages/gazebo_tools
[0.932s] byte-compiling /ieee_simulation/ws/install/gazebo_tools/lib/python3.10/site-packages/gazebo_tools/__init__.py to __init__.cpython-310.pyc
[0.932s] running install_data
[0.932s] copying resource/gazebo_tools -> /ieee_simulation/ws/install/gazebo_tools/share/ament_index/resource_index/packages
[0.933s] copying package.xml -> /ieee_simulation/ws/install/gazebo_tools/share/gazebo_tools
[0.933s] copying launch/gazebo.launch.py -> /ieee_simulation/ws/install/gazebo_tools/share/gazebo_tools/launch
[0.933s] copying description/my_robot.xacro -> /ieee_simulation/ws/install/gazebo_tools/share/gazebo_tools/description
[0.933s] copying rviz/stage.rviz -> /ieee_simulation/ws/install/gazebo_tools/share/gazebo_tools/rviz
[0.933s] copying worlds/stage.sdf -> /ieee_simulation/ws/install/gazebo_tools/share/gazebo_tools/worlds
[0.933s] running install_egg_info
[0.934s] Copying ../../build/gazebo_tools/gazebo_tools.egg-info to /ieee_simulation/ws/install/gazebo_tools/lib/python3.10/site-packages/gazebo_tools-0.0.0-py3.10.egg-info
[0.934s] running install_scripts
[0.949s] writing list of installed files to '/ieee_simulation/ws/build/gazebo_tools/install.log'
[0.971s] Invoked command in '/ieee_simulation/ws/src/gazebo_tools' returned '0': PYTHONPATH=/ieee_simulation/ws/build/gazebo_tools/prefix_override:/usr/lib/python3/dist-packages/colcon_core/task/python/colcon_distutils_commands:/ieee_simulation/ws/install/gazebo_tools/lib/python3.10/site-packages:${PYTHONPATH} /usr/bin/python3 -W ignore:setup.py install is deprecated -W ignore:easy_install command is deprecated setup.py egg_info --egg-base ../../build/gazebo_tools build --build-base /ieee_simulation/ws/build/gazebo_tools/build install --record /ieee_simulation/ws/build/gazebo_tools/install.log --single-version-externally-managed install_data --force
