[0.196s] DEBUG:colcon:Command line arguments: ['/usr/bin/colcon', 'build', '--symlink-install']
[0.196s] DEBUG:colcon:Parsed command line arguments: Namespace(log_base=None, log_level=None, verb_name='build', build_base='build', install_base='install', merge_install=False, symlink_install=True, test_result_base=None, continue_on_error=False, executor='parallel', parallel_workers=12, event_handlers=None, ignore_user_meta=False, metas=['./colcon.meta'], base_paths=['.'], packages_ignore=None, packages_ignore_regex=None, paths=None, packages_up_to=None, packages_up_to_regex=None, packages_above=None, packages_above_and_dependencies=None, packages_above_depth=None, packages_select_by_dep=None, packages_skip_by_dep=None, packages_skip_up_to=None, packages_select_build_failed=False, packages_skip_build_finished=False, packages_select_test_failures=False, packages_skip_test_passed=False, packages_select=None, packages_skip=None, packages_select_regex=None, packages_skip_regex=None, packages_start=None, packages_end=None, allow_overriding=[], cmake_args=None, cmake_target=None, cmake_target_skip_unavailable=False, cmake_clean_cache=False, cmake_clean_first=False, cmake_force_configure=False, ament_cmake_args=None, catkin_cmake_args=None, catkin_skip_building_tests=False, verb_parser=<colcon_defaults.argument_parser.defaults.DefaultArgumentsDecorator object at 0x7d5ab28b39d0>, verb_extension=<colcon_core.verb.build.BuildVerb object at 0x7d5ab28b34c0>, main=<bound method BuildVerb.main of <colcon_core.verb.build.BuildVerb object at 0x7d5ab28b34c0>>)
[0.475s] Level 1:colcon.colcon_core.package_discovery:discover_packages(colcon_meta) check parameters
[0.476s] Level 1:colcon.colcon_core.package_discovery:discover_packages(recursive) check parameters
[0.476s] Level 1:colcon.colcon_core.package_discovery:discover_packages(ignore) check parameters
[0.476s] Level 1:colcon.colcon_core.package_discovery:discover_packages(path) check parameters
[0.476s] Level 1:colcon.colcon_core.package_discovery:discover_packages(colcon_meta) discover
[0.476s] Level 1:colcon.colcon_core.package_discovery:discover_packages(recursive) discover
[0.476s] INFO:colcon.colcon_core.package_discovery:Crawling recursively for packages in '/ieee_simulation/ws'
[0.476s] Level 1:colcon.colcon_core.package_identification:_identify(.) by extensions ['ignore', 'ignore_ament_install']
[0.476s] Level 1:colcon.colcon_core.package_identification:_identify(.) by extension 'ignore'
[0.477s] Level 1:colcon.colcon_core.package_identification:_identify(.) by extension 'ignore_ament_install'
[0.477s] Level 1:colcon.colcon_core.package_identification:_identify(.) by extensions ['colcon_pkg']
[0.477s] Level 1:colcon.colcon_core.package_identification:_identify(.) by extension 'colcon_pkg'
[0.477s] Level 1:colcon.colcon_core.package_identification:_identify(.) by extensions ['colcon_meta']
[0.477s] Level 1:colcon.colcon_core.package_identification:_identify(.) by extension 'colcon_meta'
[0.477s] Level 1:colcon.colcon_core.package_identification:_identify(.) by extensions ['ros']
[0.477s] Level 1:colcon.colcon_core.package_identification:_identify(.) by extension 'ros'
[0.500s] Level 1:colcon.colcon_core.package_identification:_identify(.) by extensions ['cmake', 'python']
[0.500s] Level 1:colcon.colcon_core.package_identification:_identify(.) by extension 'cmake'
[0.500s] Level 1:colcon.colcon_core.package_identification:_identify(.) by extension 'python'
[0.500s] Level 1:colcon.colcon_core.package_identification:_identify(.) by extensions ['python_setup_py']
[0.500s] Level 1:colcon.colcon_core.package_identification:_identify(.) by extension 'python_setup_py'
[0.501s] Level 1:colcon.colcon_core.package_identification:_identify(build) by extensions ['ignore', 'ignore_ament_install']
[0.501s] Level 1:colcon.colcon_core.package_identification:_identify(build) by extension 'ignore'
[0.501s] Level 1:colcon.colcon_core.package_identification:_identify(build) ignored
[0.501s] Level 1:colcon.colcon_core.package_identification:_identify(install) by extensions ['ignore', 'ignore_ament_install']
[0.501s] Level 1:colcon.colcon_core.package_identification:_identify(install) by extension 'ignore'
[0.501s] Level 1:colcon.colcon_core.package_identification:_identify(install) ignored
[0.502s] Level 1:colcon.colcon_core.package_identification:_identify(log) by extensions ['ignore', 'ignore_ament_install']
[0.502s] Level 1:colcon.colcon_core.package_identification:_identify(log) by extension 'ignore'
[0.502s] Level 1:colcon.colcon_core.package_identification:_identify(log) ignored
[0.502s] Level 1:colcon.colcon_core.package_identification:_identify(src) by extensions ['ignore', 'ignore_ament_install']
[0.502s] Level 1:colcon.colcon_core.package_identification:_identify(src) by extension 'ignore'
[0.502s] Level 1:colcon.colcon_core.package_identification:_identify(src) by extension 'ignore_ament_install'
[0.502s] Level 1:colcon.colcon_core.package_identification:_identify(src) by extensions ['colcon_pkg']
[0.502s] Level 1:colcon.colcon_core.package_identification:_identify(src) by extension 'colcon_pkg'
[0.502s] Level 1:colcon.colcon_core.package_identification:_identify(src) by extensions ['colcon_meta']
[0.502s] Level 1:colcon.colcon_core.package_identification:_identify(src) by extension 'colcon_meta'
[0.503s] Level 1:colcon.colcon_core.package_identification:_identify(src) by extensions ['ros']
[0.503s] Level 1:colcon.colcon_core.package_identification:_identify(src) by extension 'ros'
[0.503s] Level 1:colcon.colcon_core.package_identification:_identify(src) by extensions ['cmake', 'python']
[0.503s] Level 1:colcon.colcon_core.package_identification:_identify(src) by extension 'cmake'
[0.503s] Level 1:colcon.colcon_core.package_identification:_identify(src) by extension 'python'
[0.503s] Level 1:colcon.colcon_core.package_identification:_identify(src) by extensions ['python_setup_py']
[0.503s] Level 1:colcon.colcon_core.package_identification:_identify(src) by extension 'python_setup_py'
[0.503s] Level 1:colcon.colcon_core.package_identification:_identify(src/gazebo_tools) by extensions ['ignore', 'ignore_ament_install']
[0.503s] Level 1:colcon.colcon_core.package_identification:_identify(src/gazebo_tools) by extension 'ignore'
[0.503s] Level 1:colcon.colcon_core.package_identification:_identify(src/gazebo_tools) by extension 'ignore_ament_install'
[0.504s] Level 1:colcon.colcon_core.package_identification:_identify(src/gazebo_tools) by extensions ['colcon_pkg']
[0.504s] Level 1:colcon.colcon_core.package_identification:_identify(src/gazebo_tools) by extension 'colcon_pkg'
[0.504s] Level 1:colcon.colcon_core.package_identification:_identify(src/gazebo_tools) by extensions ['colcon_meta']
[0.504s] Level 1:colcon.colcon_core.package_identification:_identify(src/gazebo_tools) by extension 'colcon_meta'
[0.504s] Level 1:colcon.colcon_core.package_identification:_identify(src/gazebo_tools) by extensions ['ros']
[0.504s] Level 1:colcon.colcon_core.package_identification:_identify(src/gazebo_tools) by extension 'ros'
[0.509s] DEBUG:colcon.colcon_core.package_identification:Package 'src/gazebo_tools' with type 'ros.ament_python' and name 'gazebo_tools'
[0.509s] Level 1:colcon.colcon_core.package_identification:_identify(src/nav_main) by extensions ['ignore', 'ignore_ament_install']
[0.509s] Level 1:colcon.colcon_core.package_identification:_identify(src/nav_main) by extension 'ignore'
[0.510s] Level 1:colcon.colcon_core.package_identification:_identify(src/nav_main) by extension 'ignore_ament_install'
[0.510s] Level 1:colcon.colcon_core.package_identification:_identify(src/nav_main) by extensions ['colcon_pkg']
[0.510s] Level 1:colcon.colcon_core.package_identification:_identify(src/nav_main) by extension 'colcon_pkg'
[0.510s] Level 1:colcon.colcon_core.package_identification:_identify(src/nav_main) by extensions ['colcon_meta']
[0.510s] Level 1:colcon.colcon_core.package_identification:_identify(src/nav_main) by extension 'colcon_meta'
[0.510s] Level 1:colcon.colcon_core.package_identification:_identify(src/nav_main) by extensions ['ros']
[0.510s] Level 1:colcon.colcon_core.package_identification:_identify(src/nav_main) by extension 'ros'
[0.511s] DEBUG:colcon.colcon_core.package_identification:Package 'src/nav_main' with type 'ros.ament_python' and name 'nav_main'
[0.511s] Level 1:colcon.colcon_core.package_discovery:discover_packages(recursive) using defaults
[0.511s] Level 1:colcon.colcon_core.package_discovery:discover_packages(ignore) discover
[0.512s] Level 1:colcon.colcon_core.package_discovery:discover_packages(ignore) using defaults
[0.512s] Level 1:colcon.colcon_core.package_discovery:discover_packages(path) discover
[0.512s] Level 1:colcon.colcon_core.package_discovery:discover_packages(path) using defaults
[0.551s] Level 1:colcon.colcon_core.package_discovery:discover_packages(prefix_path) check parameters
[0.551s] Level 1:colcon.colcon_core.package_discovery:discover_packages(prefix_path) discover
[0.555s] DEBUG:colcon.colcon_installed_package_information.package_discovery:Found 2 installed packages in /ieee_simulation/ws/install
[0.557s] DEBUG:colcon.colcon_installed_package_information.package_discovery:Found 296 installed packages in /opt/ros/humble
[0.560s] Level 1:colcon.colcon_core.package_discovery:discover_packages(prefix_path) using defaults
[0.654s] Level 5:colcon.colcon_core.verb:set package 'gazebo_tools' build argument 'cmake_args' from command line to 'None'
[0.654s] Level 5:colcon.colcon_core.verb:set package 'gazebo_tools' build argument 'cmake_target' from command line to 'None'
[0.654s] Level 5:colcon.colcon_core.verb:set package 'gazebo_tools' build argument 'cmake_target_skip_unavailable' from command line to 'False'
[0.654s] Level 5:colcon.colcon_core.verb:set package 'gazebo_tools' build argument 'cmake_clean_cache' from command line to 'False'
[0.654s] Level 5:colcon.colcon_core.verb:set package 'gazebo_tools' build argument 'cmake_clean_first' from command line to 'False'
[0.654s] Level 5:colcon.colcon_core.verb:set package 'gazebo_tools' build argument 'cmake_force_configure' from command line to 'False'
[0.654s] Level 5:colcon.colcon_core.verb:set package 'gazebo_tools' build argument 'ament_cmake_args' from command line to 'None'
[0.654s] Level 5:colcon.colcon_core.verb:set package 'gazebo_tools' build argument 'catkin_cmake_args' from command line to 'None'
[0.654s] Level 5:colcon.colcon_core.verb:set package 'gazebo_tools' build argument 'catkin_skip_building_tests' from command line to 'False'
[0.654s] DEBUG:colcon.colcon_core.verb:Building package 'gazebo_tools' with the following arguments: {'ament_cmake_args': None, 'build_base': '/ieee_simulation/ws/build/gazebo_tools', 'catkin_cmake_args': None, 'catkin_skip_building_tests': False, 'cmake_args': None, 'cmake_clean_cache': False, 'cmake_clean_first': False, 'cmake_force_configure': False, 'cmake_target': None, 'cmake_target_skip_unavailable': False, 'install_base': '/ieee_simulation/ws/install/gazebo_tools', 'merge_install': False, 'path': '/ieee_simulation/ws/src/gazebo_tools', 'symlink_install': True, 'test_result_base': None}
[0.655s] Level 5:colcon.colcon_core.verb:set package 'nav_main' build argument 'cmake_args' from command line to 'None'
[0.655s] Level 5:colcon.colcon_core.verb:set package 'nav_main' build argument 'cmake_target' from command line to 'None'
[0.655s] Level 5:colcon.colcon_core.verb:set package 'nav_main' build argument 'cmake_target_skip_unavailable' from command line to 'False'
[0.655s] Level 5:colcon.colcon_core.verb:set package 'nav_main' build argument 'cmake_clean_cache' from command line to 'False'
[0.655s] Level 5:colcon.colcon_core.verb:set package 'nav_main' build argument 'cmake_clean_first' from command line to 'False'
[0.655s] Level 5:colcon.colcon_core.verb:set package 'nav_main' build argument 'cmake_force_configure' from command line to 'False'
[0.655s] Level 5:colcon.colcon_core.verb:set package 'nav_main' build argument 'ament_cmake_args' from command line to 'None'
[0.655s] Level 5:colcon.colcon_core.verb:set package 'nav_main' build argument 'catkin_cmake_args' from command line to 'None'
[0.655s] Level 5:colcon.colcon_core.verb:set package 'nav_main' build argument 'catkin_skip_building_tests' from command line to 'False'
[0.656s] DEBUG:colcon.colcon_core.verb:Building package 'nav_main' with the following arguments: {'ament_cmake_args': None, 'build_base': '/ieee_simulation/ws/build/nav_main', 'catkin_cmake_args': None, 'catkin_skip_building_tests': False, 'cmake_args': None, 'cmake_clean_cache': False, 'cmake_clean_first': False, 'cmake_force_configure': False, 'cmake_target': None, 'cmake_target_skip_unavailable': False, 'install_base': '/ieee_simulation/ws/install/nav_main', 'merge_install': False, 'path': '/ieee_simulation/ws/src/nav_main', 'symlink_install': True, 'test_result_base': None}
[0.656s] INFO:colcon.colcon_core.executor:Executing jobs using 'parallel' executor
[0.657s] DEBUG:colcon.colcon_parallel_executor.executor.parallel:run_until_complete
[0.658s] INFO:colcon.colcon_ros.task.ament_python.build:Building ROS package in '/ieee_simulation/ws/src/gazebo_tools' with build type 'ament_python'
[0.658s] Level 1:colcon.colcon_core.shell:create_environment_hook('gazebo_tools', 'ament_prefix_path')
[0.662s] INFO:colcon.colcon_core.plugin_system:Skipping extension 'colcon_core.shell.bat': Not used on non-Windows systems
[0.663s] INFO:colcon.colcon_core.shell:Creating environment hook '/ieee_simulation/ws/install/gazebo_tools/share/gazebo_tools/hook/ament_prefix_path.ps1'
[0.664s] INFO:colcon.colcon_core.shell:Creating environment descriptor '/ieee_simulation/ws/install/gazebo_tools/share/gazebo_tools/hook/ament_prefix_path.dsv'
[0.665s] INFO:colcon.colcon_core.shell:Creating environment hook '/ieee_simulation/ws/install/gazebo_tools/share/gazebo_tools/hook/ament_prefix_path.sh'
[0.667s] INFO:colcon.colcon_core.shell:Skip shell extension 'powershell' for command environment: Not usable outside of PowerShell
[0.667s] DEBUG:colcon.colcon_core.shell:Skip shell extension 'dsv' for command environment
[0.673s] INFO:colcon.colcon_ros.task.ament_python.build:Building ROS package in '/ieee_simulation/ws/src/nav_main' with build type 'ament_python'
[0.673s] Level 1:colcon.colcon_core.shell:create_environment_hook('nav_main', 'ament_prefix_path')
[0.674s] INFO:colcon.colcon_core.shell:Creating environment hook '/ieee_simulation/ws/install/nav_main/share/nav_main/hook/ament_prefix_path.ps1'
[0.675s] INFO:colcon.colcon_core.shell:Creating environment descriptor '/ieee_simulation/ws/install/nav_main/share/nav_main/hook/ament_prefix_path.dsv'
[0.676s] INFO:colcon.colcon_core.shell:Creating environment hook '/ieee_simulation/ws/install/nav_main/share/nav_main/hook/ament_prefix_path.sh'
[0.677s] INFO:colcon.colcon_core.shell:Skip shell extension 'powershell' for command environment: Not usable outside of PowerShell
[0.677s] DEBUG:colcon.colcon_core.shell:Skip shell extension 'dsv' for command environment
[1.158s] INFO:colcon.colcon_core.task.python.build:Building Python package in '/ieee_simulation/ws/src/gazebo_tools'
[1.159s] INFO:colcon.colcon_core.shell:Skip shell extension 'powershell' for command environment: Not usable outside of PowerShell
[1.159s] DEBUG:colcon.colcon_core.shell:Skip shell extension 'dsv' for command environment
[1.648s] INFO:colcon.colcon_core.task.python.build:Building Python package in '/ieee_simulation/ws/src/nav_main'
[1.649s] INFO:colcon.colcon_core.shell:Skip shell extension 'powershell' for command environment: Not usable outside of PowerShell
[1.649s] DEBUG:colcon.colcon_core.shell:Skip shell extension 'dsv' for command environment
[2.267s] DEBUG:colcon.colcon_core.event_handler.log_command:Invoking command in '/ieee_simulation/ws/build/gazebo_tools': PYTHONPATH=/ieee_simulation/ws/build/gazebo_tools/prefix_override:/usr/lib/python3/dist-packages/colcon_core/task/python/colcon_distutils_commands:/ieee_simulation/ws/install/gazebo_tools/lib/python3.10/site-packages:${PYTHONPATH} /usr/bin/python3 -W ignore:setup.py install is deprecated -W ignore:easy_install command is deprecated setup.py develop --editable --build-directory /ieee_simulation/ws/build/gazebo_tools/build --no-deps symlink_data
[2.274s] DEBUG:colcon.colcon_core.event_handler.log_command:Invoking command in '/ieee_simulation/ws/build/nav_main': PYTHONPATH=/ieee_simulation/ws/build/nav_main/prefix_override:/usr/lib/python3/dist-packages/colcon_core/task/python/colcon_distutils_commands:/ieee_simulation/ws/install/nav_main/lib/python3.10/site-packages:${PYTHONPATH} /usr/bin/python3 -W ignore:setup.py install is deprecated -W ignore:easy_install command is deprecated setup.py develop --editable --build-directory /ieee_simulation/ws/build/nav_main/build --no-deps symlink_data
[3.104s] Level 1:colcon.colcon_core.shell:create_environment_hook('gazebo_tools', 'pythonpath_develop')
[3.105s] INFO:colcon.colcon_core.shell:Creating environment hook '/ieee_simulation/ws/build/gazebo_tools/share/gazebo_tools/hook/pythonpath_develop.ps1'
[3.106s] DEBUG:colcon.colcon_core.event_handler.log_command:Invoked command in '/ieee_simulation/ws/build/gazebo_tools' returned '0': PYTHONPATH=/ieee_simulation/ws/build/gazebo_tools/prefix_override:/usr/lib/python3/dist-packages/colcon_core/task/python/colcon_distutils_commands:/ieee_simulation/ws/install/gazebo_tools/lib/python3.10/site-packages:${PYTHONPATH} /usr/bin/python3 -W ignore:setup.py install is deprecated -W ignore:easy_install command is deprecated setup.py develop --editable --build-directory /ieee_simulation/ws/build/gazebo_tools/build --no-deps symlink_data
[3.108s] INFO:colcon.colcon_core.shell:Creating environment descriptor '/ieee_simulation/ws/build/gazebo_tools/share/gazebo_tools/hook/pythonpath_develop.dsv'
[3.109s] INFO:colcon.colcon_core.shell:Creating environment hook '/ieee_simulation/ws/build/gazebo_tools/share/gazebo_tools/hook/pythonpath_develop.sh'
[3.118s] Level 1:colcon.colcon_core.environment:checking '/ieee_simulation/ws/install/gazebo_tools' for CMake module files
[3.120s] Level 1:colcon.colcon_core.environment:checking '/ieee_simulation/ws/install/gazebo_tools' for CMake config files
[3.122s] Level 1:colcon.colcon_core.environment:checking '/ieee_simulation/ws/install/gazebo_tools/lib'
[3.123s] Level 1:colcon.colcon_core.environment:checking '/ieee_simulation/ws/install/gazebo_tools/bin'
[3.123s] Level 1:colcon.colcon_core.environment:checking '/ieee_simulation/ws/install/gazebo_tools/lib/pkgconfig/gazebo_tools.pc'
[3.124s] Level 1:colcon.colcon_core.environment:checking '/ieee_simulation/ws/install/gazebo_tools/lib/python3.10/site-packages'
[3.124s] Level 1:colcon.colcon_core.shell:create_environment_hook('gazebo_tools', 'pythonpath')
[3.125s] INFO:colcon.colcon_core.shell:Creating environment hook '/ieee_simulation/ws/install/gazebo_tools/share/gazebo_tools/hook/pythonpath.ps1'
[3.126s] INFO:colcon.colcon_core.shell:Creating environment descriptor '/ieee_simulation/ws/install/gazebo_tools/share/gazebo_tools/hook/pythonpath.dsv'
[3.127s] INFO:colcon.colcon_core.shell:Creating environment hook '/ieee_simulation/ws/install/gazebo_tools/share/gazebo_tools/hook/pythonpath.sh'
[3.129s] Level 1:colcon.colcon_core.environment:checking '/ieee_simulation/ws/install/gazebo_tools/bin'
[3.129s] Level 1:colcon.colcon_core.environment:create_environment_scripts_only(gazebo_tools)
[3.130s] INFO:colcon.colcon_core.shell:Creating package script '/ieee_simulation/ws/install/gazebo_tools/share/gazebo_tools/package.ps1'
[3.133s] INFO:colcon.colcon_core.shell:Creating package descriptor '/ieee_simulation/ws/install/gazebo_tools/share/gazebo_tools/package.dsv'
[3.135s] INFO:colcon.colcon_core.shell:Creating package script '/ieee_simulation/ws/install/gazebo_tools/share/gazebo_tools/package.sh'
[3.138s] INFO:colcon.colcon_core.shell:Creating package script '/ieee_simulation/ws/install/gazebo_tools/share/gazebo_tools/package.bash'
[3.141s] INFO:colcon.colcon_core.shell:Creating package script '/ieee_simulation/ws/install/gazebo_tools/share/gazebo_tools/package.zsh'
[3.143s] Level 1:colcon.colcon_core.environment:create_file_with_runtime_dependencies(/ieee_simulation/ws/install/gazebo_tools/share/colcon-core/packages/gazebo_tools)
[3.145s] Level 1:colcon.colcon_core.shell:create_environment_hook('nav_main', 'pythonpath_develop')
[3.146s] INFO:colcon.colcon_core.shell:Creating environment hook '/ieee_simulation/ws/build/nav_main/share/nav_main/hook/pythonpath_develop.ps1'
[3.147s] DEBUG:colcon.colcon_core.event_handler.log_command:Invoked command in '/ieee_simulation/ws/build/nav_main' returned '0': PYTHONPATH=/ieee_simulation/ws/build/nav_main/prefix_override:/usr/lib/python3/dist-packages/colcon_core/task/python/colcon_distutils_commands:/ieee_simulation/ws/install/nav_main/lib/python3.10/site-packages:${PYTHONPATH} /usr/bin/python3 -W ignore:setup.py install is deprecated -W ignore:easy_install command is deprecated setup.py develop --editable --build-directory /ieee_simulation/ws/build/nav_main/build --no-deps symlink_data
[3.148s] INFO:colcon.colcon_core.shell:Creating environment descriptor '/ieee_simulation/ws/build/nav_main/share/nav_main/hook/pythonpath_develop.dsv'
[3.149s] INFO:colcon.colcon_core.shell:Creating environment hook '/ieee_simulation/ws/build/nav_main/share/nav_main/hook/pythonpath_develop.sh'
[3.151s] Level 1:colcon.colcon_core.environment:checking '/ieee_simulation/ws/install/nav_main' for CMake module files
[3.153s] Level 1:colcon.colcon_core.environment:checking '/ieee_simulation/ws/install/nav_main' for CMake config files
[3.154s] Level 1:colcon.colcon_core.environment:checking '/ieee_simulation/ws/install/nav_main/lib'
[3.155s] Level 1:colcon.colcon_core.environment:checking '/ieee_simulation/ws/install/nav_main/bin'
[3.155s] Level 1:colcon.colcon_core.environment:checking '/ieee_simulation/ws/install/nav_main/lib/pkgconfig/nav_main.pc'
[3.156s] Level 1:colcon.colcon_core.environment:checking '/ieee_simulation/ws/install/nav_main/lib/python3.10/site-packages'
[3.156s] Level 1:colcon.colcon_core.shell:create_environment_hook('nav_main', 'pythonpath')
[3.156s] INFO:colcon.colcon_core.shell:Creating environment hook '/ieee_simulation/ws/install/nav_main/share/nav_main/hook/pythonpath.ps1'
[3.158s] INFO:colcon.colcon_core.shell:Creating environment descriptor '/ieee_simulation/ws/install/nav_main/share/nav_main/hook/pythonpath.dsv'
[3.159s] INFO:colcon.colcon_core.shell:Creating environment hook '/ieee_simulation/ws/install/nav_main/share/nav_main/hook/pythonpath.sh'
[3.160s] Level 1:colcon.colcon_core.environment:checking '/ieee_simulation/ws/install/nav_main/bin'
[3.160s] Level 1:colcon.colcon_core.environment:create_environment_scripts_only(nav_main)
[3.161s] INFO:colcon.colcon_core.shell:Creating package script '/ieee_simulation/ws/install/nav_main/share/nav_main/package.ps1'
[3.162s] INFO:colcon.colcon_core.shell:Creating package descriptor '/ieee_simulation/ws/install/nav_main/share/nav_main/package.dsv'
[3.163s] INFO:colcon.colcon_core.shell:Creating package script '/ieee_simulation/ws/install/nav_main/share/nav_main/package.sh'
[3.164s] INFO:colcon.colcon_core.shell:Creating package script '/ieee_simulation/ws/install/nav_main/share/nav_main/package.bash'
[3.164s] INFO:colcon.colcon_core.shell:Creating package script '/ieee_simulation/ws/install/nav_main/share/nav_main/package.zsh'
[3.165s] Level 1:colcon.colcon_core.environment:create_file_with_runtime_dependencies(/ieee_simulation/ws/install/nav_main/share/colcon-core/packages/nav_main)
[3.165s] DEBUG:colcon.colcon_parallel_executor.executor.parallel:closing loop
[3.166s] DEBUG:colcon.colcon_parallel_executor.executor.parallel:loop closed
[3.166s] DEBUG:colcon.colcon_parallel_executor.executor.parallel:run_until_complete finished with '0'
[3.166s] DEBUG:colcon.colcon_core.event_reactor:joining thread
[3.177s] INFO:colcon.colcon_core.plugin_system:Skipping extension 'colcon_notification.desktop_notification.notify_send': Could not find 'notify-send'
[3.177s] INFO:colcon.colcon_core.plugin_system:Skipping extension 'colcon_notification.desktop_notification.terminal_notifier': Not used on non-Darwin systems
[3.178s] INFO:colcon.colcon_core.plugin_system:Skipping extension 'colcon_notification.desktop_notification.win32': Not used on non-Windows systems
[3.178s] INFO:colcon.colcon_notification.desktop_notification:Sending desktop notification using 'notify2'
[3.182s] DEBUG:colcon.colcon_notification.desktop_notification.notify2:Failed to initialize notify2: org.freedesktop.DBus.Error.Spawn.ExecFailed: /usr/bin/dbus-launch terminated abnormally without any error message
[3.183s] DEBUG:colcon.colcon_core.event_reactor:joined thread
[3.184s] INFO:colcon.colcon_core.shell:Creating prefix script '/ieee_simulation/ws/install/local_setup.ps1'
[3.187s] INFO:colcon.colcon_core.shell:Creating prefix util module '/ieee_simulation/ws/install/_local_setup_util_ps1.py'
[3.191s] INFO:colcon.colcon_core.shell:Creating prefix chain script '/ieee_simulation/ws/install/setup.ps1'
[3.193s] INFO:colcon.colcon_core.shell:Creating prefix script '/ieee_simulation/ws/install/local_setup.sh'
[3.194s] INFO:colcon.colcon_core.shell:Creating prefix util module '/ieee_simulation/ws/install/_local_setup_util_sh.py'
[3.195s] INFO:colcon.colcon_core.shell:Creating prefix chain script '/ieee_simulation/ws/install/setup.sh'
[3.198s] INFO:colcon.colcon_core.shell:Creating prefix script '/ieee_simulation/ws/install/local_setup.bash'
[3.199s] INFO:colcon.colcon_core.shell:Creating prefix chain script '/ieee_simulation/ws/install/setup.bash'
[3.201s] INFO:colcon.colcon_core.shell:Creating prefix script '/ieee_simulation/ws/install/local_setup.zsh'
[3.202s] INFO:colcon.colcon_core.shell:Creating prefix chain script '/ieee_simulation/ws/install/setup.zsh'
