[0.499s] Invoking command in '/ieee_simulation/ws/build/gazebo_tools': PYTHONPATH=/ieee_simulation/ws/build/gazebo_tools/prefix_override:/usr/lib/python3/dist-packages/colcon_core/task/python/colcon_distutils_commands:/ieee_simulation/ws/install/gazebo_tools/lib/python3.10/site-packages:${PYTHONPATH} /usr/bin/python3 -W ignore:setup.py install is deprecated -W ignore:easy_install command is deprecated setup.py develop --editable --build-directory /ieee_simulation/ws/build/gazebo_tools/build --no-deps symlink_data
[0.652s] running develop
[0.731s] running egg_info
[0.732s] creating gazebo_tools.egg-info
[0.732s] writing gazebo_tools.egg-info/PKG-INFO
[0.732s] writing dependency_links to gazebo_tools.egg-info/dependency_links.txt
[0.732s] writing entry points to gazebo_tools.egg-info/entry_points.txt
[0.732s] writing requirements to gazebo_tools.egg-info/requires.txt
[0.732s] writing top-level names to gazebo_tools.egg-info/top_level.txt
[0.732s] writing manifest file 'gazebo_tools.egg-info/SOURCES.txt'
[0.733s] reading manifest file 'gazebo_tools.egg-info/SOURCES.txt'
[0.734s] writing manifest file 'gazebo_tools.egg-info/SOURCES.txt'
[0.735s] running build_ext
[0.735s] Creating /ieee_simulation/ws/install/gazebo_tools/lib/python3.10/site-packages/gazebo-tools.egg-link (link to .)
[0.735s] 
[0.735s] Installed /ieee_simulation/ws/build/gazebo_tools
[0.735s] running symlink_data
[0.735s] creating /ieee_simulation/ws/install/gazebo_tools/share/ament_index
[0.736s] creating /ieee_simulation/ws/install/gazebo_tools/share/ament_index/resource_index
[0.736s] creating /ieee_simulation/ws/install/gazebo_tools/share/ament_index/resource_index/packages
[0.736s] symbolically linking /ieee_simulation/ws/build/gazebo_tools/resource/gazebo_tools -> /ieee_simulation/ws/install/gazebo_tools/share/ament_index/resource_index/packages
[0.736s] symbolically linking /ieee_simulation/ws/build/gazebo_tools/package.xml -> /ieee_simulation/ws/install/gazebo_tools/share/gazebo_tools
[0.736s] creating /ieee_simulation/ws/install/gazebo_tools/share/gazebo_tools/launch
[0.736s] symbolically linking /ieee_simulation/ws/build/gazebo_tools/launch/gazebo.launch.py -> /ieee_simulation/ws/install/gazebo_tools/share/gazebo_tools/launch
[0.736s] creating /ieee_simulation/ws/install/gazebo_tools/share/gazebo_tools/description
[0.736s] symbolically linking /ieee_simulation/ws/build/gazebo_tools/description/BaseMecanumURDF.urdf.xacro -> /ieee_simulation/ws/install/gazebo_tools/share/gazebo_tools/description
[0.736s] symbolically linking /ieee_simulation/ws/build/gazebo_tools/description/BaseMecanumURDF_old.urdf.xacro -> /ieee_simulation/ws/install/gazebo_tools/share/gazebo_tools/description
[0.736s] symbolically linking /ieee_simulation/ws/build/gazebo_tools/description/my_robot.urdf.xacro -> /ieee_simulation/ws/install/gazebo_tools/share/gazebo_tools/description
[0.736s] symbolically linking /ieee_simulation/ws/build/gazebo_tools/description/MiningMayhemField.urdf -> /ieee_simulation/ws/install/gazebo_tools/share/gazebo_tools/description
[0.736s] creating /ieee_simulation/ws/install/gazebo_tools/share/gazebo_tools/rviz
[0.736s] symbolically linking /ieee_simulation/ws/build/gazebo_tools/rviz/stage.rviz -> /ieee_simulation/ws/install/gazebo_tools/share/gazebo_tools/rviz
[0.736s] creating /ieee_simulation/ws/install/gazebo_tools/share/gazebo_tools/worlds
[0.736s] symbolically linking /ieee_simulation/ws/build/gazebo_tools/worlds/stage.sdf -> /ieee_simulation/ws/install/gazebo_tools/share/gazebo_tools/worlds
[0.736s] creating /ieee_simulation/ws/install/gazebo_tools/share/gazebo_tools/meshes
[0.736s] creating /ieee_simulation/ws/install/gazebo_tools/share/gazebo_tools/meshes/robot
[0.736s] symbolically linking /ieee_simulation/ws/build/gazebo_tools/meshes/robot/C_r6.STL -> /ieee_simulation/ws/install/gazebo_tools/share/gazebo_tools/meshes/robot
[0.736s] symbolically linking /ieee_simulation/ws/build/gazebo_tools/meshes/robot/B_r5.STL -> /ieee_simulation/ws/install/gazebo_tools/share/gazebo_tools/meshes/robot
[0.736s] symbolically linking /ieee_simulation/ws/build/gazebo_tools/meshes/robot/A_r8.STL -> /ieee_simulation/ws/install/gazebo_tools/share/gazebo_tools/meshes/robot
[0.736s] symbolically linking /ieee_simulation/ws/build/gazebo_tools/meshes/robot/FrontLeft_wheel.STL -> /ieee_simulation/ws/install/gazebo_tools/share/gazebo_tools/meshes/robot
[0.736s] symbolically linking /ieee_simulation/ws/build/gazebo_tools/meshes/robot/D_r2.STL -> /ieee_simulation/ws/install/gazebo_tools/share/gazebo_tools/meshes/robot
[0.736s] symbolically linking /ieee_simulation/ws/build/gazebo_tools/meshes/robot/A_r7.STL -> /ieee_simulation/ws/install/gazebo_tools/share/gazebo_tools/meshes/robot
[0.737s] symbolically linking /ieee_simulation/ws/build/gazebo_tools/meshes/robot/B_r2.STL -> /ieee_simulation/ws/install/gazebo_tools/share/gazebo_tools/meshes/robot
[0.737s] symbolically linking /ieee_simulation/ws/build/gazebo_tools/meshes/robot/D_r7.STL -> /ieee_simulation/ws/install/gazebo_tools/share/gazebo_tools/meshes/robot
[0.737s] symbolically linking /ieee_simulation/ws/build/gazebo_tools/meshes/robot/D_r4.STL -> /ieee_simulation/ws/install/gazebo_tools/share/gazebo_tools/meshes/robot
[0.737s] symbolically linking /ieee_simulation/ws/build/gazebo_tools/meshes/robot/BackLeft_wheel.STL -> /ieee_simulation/ws/install/gazebo_tools/share/gazebo_tools/meshes/robot
[0.737s] symbolically linking /ieee_simulation/ws/build/gazebo_tools/meshes/robot/base_link.STL -> /ieee_simulation/ws/install/gazebo_tools/share/gazebo_tools/meshes/robot
[0.737s] symbolically linking /ieee_simulation/ws/build/gazebo_tools/meshes/robot/A_r2.STL -> /ieee_simulation/ws/install/gazebo_tools/share/gazebo_tools/meshes/robot
[0.737s] symbolically linking /ieee_simulation/ws/build/gazebo_tools/meshes/robot/D_r5.STL -> /ieee_simulation/ws/install/gazebo_tools/share/gazebo_tools/meshes/robot
[0.737s] symbolically linking /ieee_simulation/ws/build/gazebo_tools/meshes/robot/A_r5.STL -> /ieee_simulation/ws/install/gazebo_tools/share/gazebo_tools/meshes/robot
[0.737s] symbolically linking /ieee_simulation/ws/build/gazebo_tools/meshes/robot/D_r3.STL -> /ieee_simulation/ws/install/gazebo_tools/share/gazebo_tools/meshes/robot
[0.737s] symbolically linking /ieee_simulation/ws/build/gazebo_tools/meshes/robot/A_r3.STL -> /ieee_simulation/ws/install/gazebo_tools/share/gazebo_tools/meshes/robot
[0.737s] symbolically linking /ieee_simulation/ws/build/gazebo_tools/meshes/robot/C_r8.STL -> /ieee_simulation/ws/install/gazebo_tools/share/gazebo_tools/meshes/robot
[0.737s] symbolically linking /ieee_simulation/ws/build/gazebo_tools/meshes/robot/B_r4.STL -> /ieee_simulation/ws/install/gazebo_tools/share/gazebo_tools/meshes/robot
[0.737s] symbolically linking /ieee_simulation/ws/build/gazebo_tools/meshes/robot/D_r6.STL -> /ieee_simulation/ws/install/gazebo_tools/share/gazebo_tools/meshes/robot
[0.737s] symbolically linking /ieee_simulation/ws/build/gazebo_tools/meshes/robot/A_r1.STL -> /ieee_simulation/ws/install/gazebo_tools/share/gazebo_tools/meshes/robot
[0.737s] symbolically linking /ieee_simulation/ws/build/gazebo_tools/meshes/robot/D_r8.STL -> /ieee_simulation/ws/install/gazebo_tools/share/gazebo_tools/meshes/robot
[0.737s] symbolically linking /ieee_simulation/ws/build/gazebo_tools/meshes/robot/C_r2.STL -> /ieee_simulation/ws/install/gazebo_tools/share/gazebo_tools/meshes/robot
[0.737s] symbolically linking /ieee_simulation/ws/build/gazebo_tools/meshes/robot/C_r1.STL -> /ieee_simulation/ws/install/gazebo_tools/share/gazebo_tools/meshes/robot
[0.737s] symbolically linking /ieee_simulation/ws/build/gazebo_tools/meshes/robot/D_r1.STL -> /ieee_simulation/ws/install/gazebo_tools/share/gazebo_tools/meshes/robot
[0.737s] symbolically linking /ieee_simulation/ws/build/gazebo_tools/meshes/robot/B_r7.STL -> /ieee_simulation/ws/install/gazebo_tools/share/gazebo_tools/meshes/robot
[0.737s] symbolically linking /ieee_simulation/ws/build/gazebo_tools/meshes/robot/BackRight_wheel.STL -> /ieee_simulation/ws/install/gazebo_tools/share/gazebo_tools/meshes/robot
[0.737s] symbolically linking /ieee_simulation/ws/build/gazebo_tools/meshes/robot/B_r1.STL -> /ieee_simulation/ws/install/gazebo_tools/share/gazebo_tools/meshes/robot
[0.737s] symbolically linking /ieee_simulation/ws/build/gazebo_tools/meshes/robot/B_r8.STL -> /ieee_simulation/ws/install/gazebo_tools/share/gazebo_tools/meshes/robot
[0.737s] symbolically linking /ieee_simulation/ws/build/gazebo_tools/meshes/robot/A_r4.STL -> /ieee_simulation/ws/install/gazebo_tools/share/gazebo_tools/meshes/robot
[0.737s] symbolically linking /ieee_simulation/ws/build/gazebo_tools/meshes/robot/C_r5.STL -> /ieee_simulation/ws/install/gazebo_tools/share/gazebo_tools/meshes/robot
[0.737s] symbolically linking /ieee_simulation/ws/build/gazebo_tools/meshes/robot/FrontRight_wheel.STL -> /ieee_simulation/ws/install/gazebo_tools/share/gazebo_tools/meshes/robot
[0.737s] symbolically linking /ieee_simulation/ws/build/gazebo_tools/meshes/robot/B_r3.STL -> /ieee_simulation/ws/install/gazebo_tools/share/gazebo_tools/meshes/robot
[0.738s] symbolically linking /ieee_simulation/ws/build/gazebo_tools/meshes/robot/B_r6.STL -> /ieee_simulation/ws/install/gazebo_tools/share/gazebo_tools/meshes/robot
[0.738s] symbolically linking /ieee_simulation/ws/build/gazebo_tools/meshes/robot/C_r3.STL -> /ieee_simulation/ws/install/gazebo_tools/share/gazebo_tools/meshes/robot
[0.738s] symbolically linking /ieee_simulation/ws/build/gazebo_tools/meshes/robot/A_r6.STL -> /ieee_simulation/ws/install/gazebo_tools/share/gazebo_tools/meshes/robot
[0.738s] symbolically linking /ieee_simulation/ws/build/gazebo_tools/meshes/robot/C_r7.STL -> /ieee_simulation/ws/install/gazebo_tools/share/gazebo_tools/meshes/robot
[0.738s] symbolically linking /ieee_simulation/ws/build/gazebo_tools/meshes/robot/C_r4.STL -> /ieee_simulation/ws/install/gazebo_tools/share/gazebo_tools/meshes/robot
[0.738s] creating /ieee_simulation/ws/install/gazebo_tools/share/gazebo_tools/meshes/stage
[0.738s] symbolically linking /ieee_simulation/ws/build/gazebo_tools/meshes/stage/base_link.STL -> /ieee_simulation/ws/install/gazebo_tools/share/gazebo_tools/meshes/stage
[0.768s] Invoked command in '/ieee_simulation/ws/build/gazebo_tools' returned '0': PYTHONPATH=/ieee_simulation/ws/build/gazebo_tools/prefix_override:/usr/lib/python3/dist-packages/colcon_core/task/python/colcon_distutils_commands:/ieee_simulation/ws/install/gazebo_tools/lib/python3.10/site-packages:${PYTHONPATH} /usr/bin/python3 -W ignore:setup.py install is deprecated -W ignore:easy_install command is deprecated setup.py develop --editable --build-directory /ieee_simulation/ws/build/gazebo_tools/build --no-deps symlink_data
