[0.917s] Invoking command in '/ieee_simulation/ws/src/gazebo_tools': PYTHONPATH=/ieee_simulation/ws/build/gazebo_tools/prefix_override:/usr/lib/python3/dist-packages/colcon_core/task/python/colcon_distutils_commands:/ieee_simulation/ws/install/gazebo_tools/lib/python3.10/site-packages:${PYTHONPATH} /usr/bin/python3 -W ignore:setup.py install is deprecated -W ignore:easy_install command is deprecated setup.py egg_info --egg-base ../../build/gazebo_tools build --build-base /ieee_simulation/ws/build/gazebo_tools/build install --record /ieee_simulation/ws/build/gazebo_tools/install.log --single-version-externally-managed install_data
[1.218s] running egg_info
[1.218s] writing ../../build/gazebo_tools/gazebo_tools.egg-info/PKG-INFO
[1.219s] writing dependency_links to ../../build/gazebo_tools/gazebo_tools.egg-info/dependency_links.txt
[1.219s] writing entry points to ../../build/gazebo_tools/gazebo_tools.egg-info/entry_points.txt
[1.219s] writing requirements to ../../build/gazebo_tools/gazebo_tools.egg-info/requires.txt
[1.219s] writing top-level names to ../../build/gazebo_tools/gazebo_tools.egg-info/top_level.txt
[1.222s] reading manifest file '../../build/gazebo_tools/gazebo_tools.egg-info/SOURCES.txt'
[1.223s] writing manifest file '../../build/gazebo_tools/gazebo_tools.egg-info/SOURCES.txt'
[1.223s] running build
[1.223s] running build_py
[1.223s] running install
[1.224s] running install_lib
[1.225s] running install_data
[1.226s] copying description/my_robot.xacro -> /ieee_simulation/ws/install/gazebo_tools/share/gazebo_tools/description
[1.226s] running install_egg_info
[1.229s] removing '/ieee_simulation/ws/install/gazebo_tools/lib/python3.10/site-packages/gazebo_tools-0.0.0-py3.10.egg-info' (and everything under it)
[1.230s] Copying ../../build/gazebo_tools/gazebo_tools.egg-info to /ieee_simulation/ws/install/gazebo_tools/lib/python3.10/site-packages/gazebo_tools-0.0.0-py3.10.egg-info
[1.231s] running install_scripts
[1.260s] writing list of installed files to '/ieee_simulation/ws/build/gazebo_tools/install.log'
[1.293s] Invoked command in '/ieee_simulation/ws/src/gazebo_tools' returned '0': PYTHONPATH=/ieee_simulation/ws/build/gazebo_tools/prefix_override:/usr/lib/python3/dist-packages/colcon_core/task/python/colcon_distutils_commands:/ieee_simulation/ws/install/gazebo_tools/lib/python3.10/site-packages:${PYTHONPATH} /usr/bin/python3 -W ignore:setup.py install is deprecated -W ignore:easy_install command is deprecated setup.py egg_info --egg-base ../../build/gazebo_tools build --build-base /ieee_simulation/ws/build/gazebo_tools/build install --record /ieee_simulation/ws/build/gazebo_tools/install.log --single-version-externally-managed install_data
