[0.584s] Invoking command in '/ieee_simulation/ws/src/nav_main': PYTHONPATH=/ieee_simulation/ws/build/nav_main/prefix_override:/usr/lib/python3/dist-packages/colcon_core/task/python/colcon_distutils_commands:/ieee_simulation/ws/install/nav_main/lib/python3.10/site-packages:${PYTHONPATH} /usr/bin/python3 -W ignore:setup.py install is deprecated -W ignore:easy_install command is deprecated setup.py egg_info --egg-base ../../build/nav_main build --build-base /ieee_simulation/ws/build/nav_main/build install --record /ieee_simulation/ws/build/nav_main/install.log --single-version-externally-managed install_data
[0.745s] running egg_info
[0.746s] writing ../../build/nav_main/nav_main.egg-info/PKG-INFO
[0.746s] writing dependency_links to ../../build/nav_main/nav_main.egg-info/dependency_links.txt
[0.746s] writing entry points to ../../build/nav_main/nav_main.egg-info/entry_points.txt
[0.746s] writing requirements to ../../build/nav_main/nav_main.egg-info/requires.txt
[0.746s] writing top-level names to ../../build/nav_main/nav_main.egg-info/top_level.txt
[0.748s] reading manifest file '../../build/nav_main/nav_main.egg-info/SOURCES.txt'
[0.748s] writing manifest file '../../build/nav_main/nav_main.egg-info/SOURCES.txt'
[0.748s] running build
[0.749s] running build_py
[0.749s] copying nav_main/holonomic_controller.py -> /ieee_simulation/ws/build/nav_main/build/lib/nav_main
[0.749s] running install
[0.749s] running install_lib
[0.750s] copying /ieee_simulation/ws/build/nav_main/build/lib/nav_main/holonomic_controller.py -> /ieee_simulation/ws/install/nav_main/lib/python3.10/site-packages/nav_main
[0.750s] byte-compiling /ieee_simulation/ws/install/nav_main/lib/python3.10/site-packages/nav_main/holonomic_controller.py to holonomic_controller.cpython-310.pyc
[0.751s] running install_data
[0.751s] running install_egg_info
[0.752s] removing '/ieee_simulation/ws/install/nav_main/lib/python3.10/site-packages/nav_main-0.0.0-py3.10.egg-info' (and everything under it)
[0.753s] Copying ../../build/nav_main/nav_main.egg-info to /ieee_simulation/ws/install/nav_main/lib/python3.10/site-packages/nav_main-0.0.0-py3.10.egg-info
[0.753s] running install_scripts
[0.769s] Installing holonomic_controller script to /ieee_simulation/ws/install/nav_main/lib/nav_main
[0.770s] writing list of installed files to '/ieee_simulation/ws/build/nav_main/install.log'
[0.793s] Invoked command in '/ieee_simulation/ws/src/nav_main' returned '0': PYTHONPATH=/ieee_simulation/ws/build/nav_main/prefix_override:/usr/lib/python3/dist-packages/colcon_core/task/python/colcon_distutils_commands:/ieee_simulation/ws/install/nav_main/lib/python3.10/site-packages:${PYTHONPATH} /usr/bin/python3 -W ignore:setup.py install is deprecated -W ignore:easy_install command is deprecated setup.py egg_info --egg-base ../../build/nav_main build --build-base /ieee_simulation/ws/build/nav_main/build install --record /ieee_simulation/ws/build/nav_main/install.log --single-version-externally-managed install_data
