[0.559s] Invoking command in '/ieee_simulation/ws/build/gazebo_tools': PYTHONPATH=/ieee_simulation/ws/build/gazebo_tools/prefix_override:/usr/lib/python3/dist-packages/colcon_core/task/python/colcon_distutils_commands:/ieee_simulation/ws/install/gazebo_tools/lib/python3.10/site-packages:${PYTHONPATH} /usr/bin/python3 -W ignore:setup.py install is deprecated -W ignore:easy_install command is deprecated setup.py develop --uninstall --editable --build-directory /ieee_simulation/ws/build/gazebo_tools/build
[0.719s] running develop
[0.813s] Removing /ieee_simulation/ws/install/gazebo_tools/lib/python3.10/site-packages/gazebo-tools.egg-link (link to .)
[0.847s] Invoked command in '/ieee_simulation/ws/build/gazebo_tools' returned '0': PYTHONPATH=/ieee_simulation/ws/build/gazebo_tools/prefix_override:/usr/lib/python3/dist-packages/colcon_core/task/python/colcon_distutils_commands:/ieee_simulation/ws/install/gazebo_tools/lib/python3.10/site-packages:${PYTHONPATH} /usr/bin/python3 -W ignore:setup.py install is deprecated -W ignore:easy_install command is deprecated setup.py develop --uninstall --editable --build-directory /ieee_simulation/ws/build/gazebo_tools/build
[0.849s] Invoking command in '/ieee_simulation/ws/src/gazebo_tools': PYTHONPATH=/ieee_simulation/ws/build/gazebo_tools/prefix_override:/usr/lib/python3/dist-packages/colcon_core/task/python/colcon_distutils_commands:/ieee_simulation/ws/install/gazebo_tools/lib/python3.10/site-packages:${PYTHONPATH} /usr/bin/python3 -W ignore:setup.py install is deprecated -W ignore:easy_install command is deprecated setup.py egg_info --egg-base ../../build/gazebo_tools build --build-base /ieee_simulation/ws/build/gazebo_tools/build install --record /ieee_simulation/ws/build/gazebo_tools/install.log --single-version-externally-managed install_data --force
[1.002s] running egg_info
[1.002s] writing ../../build/gazebo_tools/gazebo_tools.egg-info/PKG-INFO
[1.003s] writing dependency_links to ../../build/gazebo_tools/gazebo_tools.egg-info/dependency_links.txt
[1.003s] writing entry points to ../../build/gazebo_tools/gazebo_tools.egg-info/entry_points.txt
[1.003s] writing requirements to ../../build/gazebo_tools/gazebo_tools.egg-info/requires.txt
[1.003s] writing top-level names to ../../build/gazebo_tools/gazebo_tools.egg-info/top_level.txt
[1.004s] reading manifest file '../../build/gazebo_tools/gazebo_tools.egg-info/SOURCES.txt'
[1.006s] writing manifest file '../../build/gazebo_tools/gazebo_tools.egg-info/SOURCES.txt'
[1.006s] running build
[1.006s] running build_py
[1.006s] creating /ieee_simulation/ws/build/gazebo_tools/build
[1.006s] creating /ieee_simulation/ws/build/gazebo_tools/build/lib
[1.006s] creating /ieee_simulation/ws/build/gazebo_tools/build/lib/gazebo_tools
[1.006s] copying gazebo_tools/__init__.py -> /ieee_simulation/ws/build/gazebo_tools/build/lib/gazebo_tools
[1.006s] running install
[1.006s] running install_lib
[1.007s] creating /ieee_simulation/ws/install/gazebo_tools/lib/python3.10/site-packages/gazebo_tools
[1.007s] copying /ieee_simulation/ws/build/gazebo_tools/build/lib/gazebo_tools/__init__.py -> /ieee_simulation/ws/install/gazebo_tools/lib/python3.10/site-packages/gazebo_tools
[1.007s] byte-compiling /ieee_simulation/ws/install/gazebo_tools/lib/python3.10/site-packages/gazebo_tools/__init__.py to __init__.cpython-310.pyc
[1.007s] running install_data
[1.008s] copying resource/gazebo_tools -> /ieee_simulation/ws/install/gazebo_tools/share/ament_index/resource_index/packages
[1.008s] copying package.xml -> /ieee_simulation/ws/install/gazebo_tools/share/gazebo_tools
[1.008s] copying launch/gazebo.launch.py -> /ieee_simulation/ws/install/gazebo_tools/share/gazebo_tools/launch
[1.008s] copying description/my_robot.urdf.xacro -> /ieee_simulation/ws/install/gazebo_tools/share/gazebo_tools/description
[1.008s] copying description/BaseMecanumURDF_old.urdf -> /ieee_simulation/ws/install/gazebo_tools/share/gazebo_tools/description
[1.008s] copying description/BaseMecanumURDF.urdf -> /ieee_simulation/ws/install/gazebo_tools/share/gazebo_tools/description
[1.009s] copying description/MiningMayhemField.urdf -> /ieee_simulation/ws/install/gazebo_tools/share/gazebo_tools/description
[1.009s] copying rviz/stage.rviz -> /ieee_simulation/ws/install/gazebo_tools/share/gazebo_tools/rviz
[1.009s] copying worlds/stage.sdf -> /ieee_simulation/ws/install/gazebo_tools/share/gazebo_tools/worlds
[1.009s] copying meshes/robot/C_r6.STL -> /ieee_simulation/ws/install/gazebo_tools/share/gazebo_tools/meshes/robot
[1.009s] copying meshes/robot/B_r5.STL -> /ieee_simulation/ws/install/gazebo_tools/share/gazebo_tools/meshes/robot
[1.009s] copying meshes/robot/A_r8.STL -> /ieee_simulation/ws/install/gazebo_tools/share/gazebo_tools/meshes/robot
[1.009s] copying meshes/robot/FrontLeft_wheel.STL -> /ieee_simulation/ws/install/gazebo_tools/share/gazebo_tools/meshes/robot
[1.010s] copying meshes/robot/D_r2.STL -> /ieee_simulation/ws/install/gazebo_tools/share/gazebo_tools/meshes/robot
[1.010s] copying meshes/robot/A_r7.STL -> /ieee_simulation/ws/install/gazebo_tools/share/gazebo_tools/meshes/robot
[1.010s] copying meshes/robot/B_r2.STL -> /ieee_simulation/ws/install/gazebo_tools/share/gazebo_tools/meshes/robot
[1.010s] copying meshes/robot/D_r7.STL -> /ieee_simulation/ws/install/gazebo_tools/share/gazebo_tools/meshes/robot
[1.010s] copying meshes/robot/D_r4.STL -> /ieee_simulation/ws/install/gazebo_tools/share/gazebo_tools/meshes/robot
[1.010s] copying meshes/robot/BackLeft_wheel.STL -> /ieee_simulation/ws/install/gazebo_tools/share/gazebo_tools/meshes/robot
[1.010s] copying meshes/robot/base_link.STL -> /ieee_simulation/ws/install/gazebo_tools/share/gazebo_tools/meshes/robot
[1.011s] copying meshes/robot/A_r2.STL -> /ieee_simulation/ws/install/gazebo_tools/share/gazebo_tools/meshes/robot
[1.011s] copying meshes/robot/D_r5.STL -> /ieee_simulation/ws/install/gazebo_tools/share/gazebo_tools/meshes/robot
[1.011s] copying meshes/robot/A_r5.STL -> /ieee_simulation/ws/install/gazebo_tools/share/gazebo_tools/meshes/robot
[1.011s] copying meshes/robot/D_r3.STL -> /ieee_simulation/ws/install/gazebo_tools/share/gazebo_tools/meshes/robot
[1.011s] copying meshes/robot/A_r3.STL -> /ieee_simulation/ws/install/gazebo_tools/share/gazebo_tools/meshes/robot
[1.011s] copying meshes/robot/C_r8.STL -> /ieee_simulation/ws/install/gazebo_tools/share/gazebo_tools/meshes/robot
[1.011s] copying meshes/robot/B_r4.STL -> /ieee_simulation/ws/install/gazebo_tools/share/gazebo_tools/meshes/robot
[1.011s] copying meshes/robot/D_r6.STL -> /ieee_simulation/ws/install/gazebo_tools/share/gazebo_tools/meshes/robot
[1.012s] copying meshes/robot/A_r1.STL -> /ieee_simulation/ws/install/gazebo_tools/share/gazebo_tools/meshes/robot
[1.012s] copying meshes/robot/D_r8.STL -> /ieee_simulation/ws/install/gazebo_tools/share/gazebo_tools/meshes/robot
[1.012s] copying meshes/robot/C_r2.STL -> /ieee_simulation/ws/install/gazebo_tools/share/gazebo_tools/meshes/robot
[1.012s] copying meshes/robot/C_r1.STL -> /ieee_simulation/ws/install/gazebo_tools/share/gazebo_tools/meshes/robot
[1.012s] copying meshes/robot/D_r1.STL -> /ieee_simulation/ws/install/gazebo_tools/share/gazebo_tools/meshes/robot
[1.012s] copying meshes/robot/B_r7.STL -> /ieee_simulation/ws/install/gazebo_tools/share/gazebo_tools/meshes/robot
[1.012s] copying meshes/robot/BackRight_wheel.STL -> /ieee_simulation/ws/install/gazebo_tools/share/gazebo_tools/meshes/robot
[1.012s] copying meshes/robot/B_r1.STL -> /ieee_simulation/ws/install/gazebo_tools/share/gazebo_tools/meshes/robot
[1.013s] copying meshes/robot/B_r8.STL -> /ieee_simulation/ws/install/gazebo_tools/share/gazebo_tools/meshes/robot
[1.013s] copying meshes/robot/A_r4.STL -> /ieee_simulation/ws/install/gazebo_tools/share/gazebo_tools/meshes/robot
[1.013s] copying meshes/robot/C_r5.STL -> /ieee_simulation/ws/install/gazebo_tools/share/gazebo_tools/meshes/robot
[1.013s] copying meshes/robot/FrontRight_wheel.STL -> /ieee_simulation/ws/install/gazebo_tools/share/gazebo_tools/meshes/robot
[1.013s] copying meshes/robot/B_r3.STL -> /ieee_simulation/ws/install/gazebo_tools/share/gazebo_tools/meshes/robot
[1.013s] copying meshes/robot/B_r6.STL -> /ieee_simulation/ws/install/gazebo_tools/share/gazebo_tools/meshes/robot
[1.013s] copying meshes/robot/C_r3.STL -> /ieee_simulation/ws/install/gazebo_tools/share/gazebo_tools/meshes/robot
[1.014s] copying meshes/robot/A_r6.STL -> /ieee_simulation/ws/install/gazebo_tools/share/gazebo_tools/meshes/robot
[1.014s] copying meshes/robot/C_r7.STL -> /ieee_simulation/ws/install/gazebo_tools/share/gazebo_tools/meshes/robot
[1.014s] copying meshes/robot/C_r4.STL -> /ieee_simulation/ws/install/gazebo_tools/share/gazebo_tools/meshes/robot
[1.014s] copying meshes/stage/base_link.STL -> /ieee_simulation/ws/install/gazebo_tools/share/gazebo_tools/meshes/stage
[1.018s] running install_egg_info
[1.020s] Copying ../../build/gazebo_tools/gazebo_tools.egg-info to /ieee_simulation/ws/install/gazebo_tools/lib/python3.10/site-packages/gazebo_tools-0.0.0-py3.10.egg-info
[1.020s] running install_scripts
[1.037s] writing list of installed files to '/ieee_simulation/ws/build/gazebo_tools/install.log'
[1.055s] Invoked command in '/ieee_simulation/ws/src/gazebo_tools' returned '0': PYTHONPATH=/ieee_simulation/ws/build/gazebo_tools/prefix_override:/usr/lib/python3/dist-packages/colcon_core/task/python/colcon_distutils_commands:/ieee_simulation/ws/install/gazebo_tools/lib/python3.10/site-packages:${PYTHONPATH} /usr/bin/python3 -W ignore:setup.py install is deprecated -W ignore:easy_install command is deprecated setup.py egg_info --egg-base ../../build/gazebo_tools build --build-base /ieee_simulation/ws/build/gazebo_tools/build install --record /ieee_simulation/ws/build/gazebo_tools/install.log --single-version-externally-managed install_data --force
