running develop
running egg_info
creating nav_main.egg-info
writing nav_main.egg-info/PKG-INFO
writing dependency_links to nav_main.egg-info/dependency_links.txt
writing entry points to nav_main.egg-info/entry_points.txt
writing requirements to nav_main.egg-info/requires.txt
writing top-level names to nav_main.egg-info/top_level.txt
writing manifest file 'nav_main.egg-info/SOURCES.txt'
reading manifest file 'nav_main.egg-info/SOURCES.txt'
writing manifest file 'nav_main.egg-info/SOURCES.txt'
running build_ext
Creating /ieee_simulation/ws/install/nav_main/lib/python3.10/site-packages/nav-main.egg-link (link to .)

Installed /ieee_simulation/ws/build/nav_main
running symlink_data
creating /ieee_simulation/ws/install/nav_main/share/ament_index
creating /ieee_simulation/ws/install/nav_main/share/ament_index/resource_index
creating /ieee_simulation/ws/install/nav_main/share/ament_index/resource_index/packages
symbolically linking /ieee_simulation/ws/build/nav_main/resource/nav_main -> /ieee_simulation/ws/install/nav_main/share/ament_index/resource_index/packages
symbolically linking /ieee_simulation/ws/build/nav_main/package.xml -> /ieee_simulation/ws/install/nav_main/share/nav_main
