[1.505s] Invoking command in '/ieee_simulation/ws/build/nav_main': PYTHONPATH=/ieee_simulation/ws/build/nav_main/prefix_override:/usr/lib/python3/dist-packages/colcon_core/task/python/colcon_distutils_commands:/ieee_simulation/ws/install/nav_main/lib/python3.10/site-packages:${PYTHONPATH} /usr/bin/python3 -W ignore:setup.py install is deprecated -W ignore:easy_install command is deprecated setup.py develop --editable --build-directory /ieee_simulation/ws/build/nav_main/build --no-deps symlink_data
[1.987s] running develop
[2.251s] running egg_info
[2.251s] creating nav_main.egg-info
[2.252s] writing nav_main.egg-info/PKG-INFO
[2.252s] writing dependency_links to nav_main.egg-info/dependency_links.txt
[2.252s] writing entry points to nav_main.egg-info/entry_points.txt
[2.252s] writing requirements to nav_main.egg-info/requires.txt
[2.252s] writing top-level names to nav_main.egg-info/top_level.txt
[2.253s] writing manifest file 'nav_main.egg-info/SOURCES.txt'
[2.256s] reading manifest file 'nav_main.egg-info/SOURCES.txt'
[2.257s] writing manifest file 'nav_main.egg-info/SOURCES.txt'
[2.260s] running build_ext
[2.261s] Creating /ieee_simulation/ws/install/nav_main/lib/python3.10/site-packages/nav-main.egg-link (link to .)
[2.262s] Installing holonomic_controller script to /ieee_simulation/ws/install/nav_main/lib/nav_main
[2.263s] 
[2.263s] Installed /ieee_simulation/ws/build/nav_main
[2.263s] running symlink_data
[2.263s] creating /ieee_simulation/ws/install/nav_main/share/ament_index
[2.263s] creating /ieee_simulation/ws/install/nav_main/share/ament_index/resource_index
[2.264s] creating /ieee_simulation/ws/install/nav_main/share/ament_index/resource_index/packages
[2.264s] symbolically linking /ieee_simulation/ws/build/nav_main/resource/nav_main -> /ieee_simulation/ws/install/nav_main/share/ament_index/resource_index/packages
[2.264s] symbolically linking /ieee_simulation/ws/build/nav_main/package.xml -> /ieee_simulation/ws/install/nav_main/share/nav_main
[2.264s] creating /ieee_simulation/ws/install/nav_main/share/nav_main/scripts
[2.264s] creating /ieee_simulation/ws/install/nav_main/share/nav_main/launch
[2.264s] symbolically linking /ieee_simulation/ws/build/nav_main/launch/gazebo_simulator.launch.xml -> /ieee_simulation/ws/install/nav_main/share/nav_main/launch
[2.265s] symbolically linking /ieee_simulation/ws/build/nav_main/launch/gazebo_simulator.launch.py -> /ieee_simulation/ws/install/nav_main/share/nav_main/launch
[2.265s] creating /ieee_simulation/ws/install/nav_main/share/nav_main/config
[2.265s] symbolically linking /ieee_simulation/ws/build/nav_main/config/holonomic_velocity_controller.yaml -> /ieee_simulation/ws/install/nav_main/share/nav_main/config
[2.327s] Invoked command in '/ieee_simulation/ws/build/nav_main' returned '0': PYTHONPATH=/ieee_simulation/ws/build/nav_main/prefix_override:/usr/lib/python3/dist-packages/colcon_core/task/python/colcon_distutils_commands:/ieee_simulation/ws/install/nav_main/lib/python3.10/site-packages:${PYTHONPATH} /usr/bin/python3 -W ignore:setup.py install is deprecated -W ignore:easy_install command is deprecated setup.py develop --editable --build-directory /ieee_simulation/ws/build/nav_main/build --no-deps symlink_data
