[0.913s] Invoking command in '/ieee_simulation/ws/src/nav_main': PYTHONPATH=/ieee_simulation/ws/build/nav_main/prefix_override:/usr/lib/python3/dist-packages/colcon_core/task/python/colcon_distutils_commands:/ieee_simulation/ws/install/nav_main/lib/python3.10/site-packages:${PYTHONPATH} /usr/bin/python3 -W ignore:setup.py install is deprecated -W ignore:easy_install command is deprecated setup.py egg_info --egg-base ../../build/nav_main build --build-base /ieee_simulation/ws/build/nav_main/build install --record /ieee_simulation/ws/build/nav_main/install.log --single-version-externally-managed install_data
[1.119s] running egg_info
[1.120s] writing ../../build/nav_main/nav_main.egg-info/PKG-INFO
[1.121s] writing dependency_links to ../../build/nav_main/nav_main.egg-info/dependency_links.txt
[1.121s] writing entry points to ../../build/nav_main/nav_main.egg-info/entry_points.txt
[1.121s] writing requirements to ../../build/nav_main/nav_main.egg-info/requires.txt
[1.121s] writing top-level names to ../../build/nav_main/nav_main.egg-info/top_level.txt
[1.122s] reading manifest file '../../build/nav_main/nav_main.egg-info/SOURCES.txt'
[1.124s] writing manifest file '../../build/nav_main/nav_main.egg-info/SOURCES.txt'
[1.124s] running build
[1.124s] running build_py
[1.124s] running install
[1.124s] running install_lib
[1.126s] running install_data
[1.126s] running install_egg_info
[1.128s] removing '/ieee_simulation/ws/install/nav_main/lib/python3.10/site-packages/nav_main-0.0.0-py3.10.egg-info' (and everything under it)
[1.128s] Copying ../../build/nav_main/nav_main.egg-info to /ieee_simulation/ws/install/nav_main/lib/python3.10/site-packages/nav_main-0.0.0-py3.10.egg-info
[1.129s] running install_scripts
[1.150s] writing list of installed files to '/ieee_simulation/ws/build/nav_main/install.log'
[1.177s] Invoked command in '/ieee_simulation/ws/src/nav_main' returned '0': PYTHONPATH=/ieee_simulation/ws/build/nav_main/prefix_override:/usr/lib/python3/dist-packages/colcon_core/task/python/colcon_distutils_commands:/ieee_simulation/ws/install/nav_main/lib/python3.10/site-packages:${PYTHONPATH} /usr/bin/python3 -W ignore:setup.py install is deprecated -W ignore:easy_install command is deprecated setup.py egg_info --egg-base ../../build/nav_main build --build-base /ieee_simulation/ws/build/nav_main/build install --record /ieee_simulation/ws/build/nav_main/install.log --single-version-externally-managed install_data
