[0.510s] Invoking command in '/ieee_simulation/ws/build/nav_main': PYTHONPATH=/ieee_simulation/ws/build/nav_main/prefix_override:/usr/lib/python3/dist-packages/colcon_core/task/python/colcon_distutils_commands:/ieee_simulation/ws/install/nav_main/lib/python3.10/site-packages:${PYTHONPATH} /usr/bin/python3 -W ignore:setup.py install is deprecated -W ignore:easy_install command is deprecated setup.py develop --editable --build-directory /ieee_simulation/ws/build/nav_main/build --no-deps symlink_data
[0.658s] running develop
[0.738s] running egg_info
[0.738s] creating nav_main.egg-info
[0.738s] writing nav_main.egg-info/PKG-INFO
[0.738s] writing dependency_links to nav_main.egg-info/dependency_links.txt
[0.739s] writing entry points to nav_main.egg-info/entry_points.txt
[0.739s] writing requirements to nav_main.egg-info/requires.txt
[0.739s] writing top-level names to nav_main.egg-info/top_level.txt
[0.739s] writing manifest file 'nav_main.egg-info/SOURCES.txt'
[0.739s] reading manifest file 'nav_main.egg-info/SOURCES.txt'
[0.740s] writing manifest file 'nav_main.egg-info/SOURCES.txt'
[0.741s] running build_ext
[0.741s] Creating /ieee_simulation/ws/install/nav_main/lib/python3.10/site-packages/nav-main.egg-link (link to .)
[0.741s] 
[0.741s] Installed /ieee_simulation/ws/build/nav_main
[0.741s] running symlink_data
[0.741s] creating /ieee_simulation/ws/install/nav_main/share/ament_index
[0.742s] creating /ieee_simulation/ws/install/nav_main/share/ament_index/resource_index
[0.742s] creating /ieee_simulation/ws/install/nav_main/share/ament_index/resource_index/packages
[0.742s] symbolically linking /ieee_simulation/ws/build/nav_main/resource/nav_main -> /ieee_simulation/ws/install/nav_main/share/ament_index/resource_index/packages
[0.742s] symbolically linking /ieee_simulation/ws/build/nav_main/package.xml -> /ieee_simulation/ws/install/nav_main/share/nav_main
[0.765s] Invoked command in '/ieee_simulation/ws/build/nav_main' returned '0': PYTHONPATH=/ieee_simulation/ws/build/nav_main/prefix_override:/usr/lib/python3/dist-packages/colcon_core/task/python/colcon_distutils_commands:/ieee_simulation/ws/install/nav_main/lib/python3.10/site-packages:${PYTHONPATH} /usr/bin/python3 -W ignore:setup.py install is deprecated -W ignore:easy_install command is deprecated setup.py develop --editable --build-directory /ieee_simulation/ws/build/nav_main/build --no-deps symlink_data
