running develop
Removing /ieee_simulation/ws/install/gazebo_tools/lib/python3.10/site-packages/gazebo-tools.egg-link (link to .)
running egg_info
writing ../../build/gazebo_tools/gazebo_tools.egg-info/PKG-INFO
writing dependency_links to ../../build/gazebo_tools/gazebo_tools.egg-info/dependency_links.txt
writing entry points to ../../build/gazebo_tools/gazebo_tools.egg-info/entry_points.txt
writing requirements to ../../build/gazebo_tools/gazebo_tools.egg-info/requires.txt
writing top-level names to ../../build/gazebo_tools/gazebo_tools.egg-info/top_level.txt
reading manifest file '../../build/gazebo_tools/gazebo_tools.egg-info/SOURCES.txt'
writing manifest file '../../build/gazebo_tools/gazebo_tools.egg-info/SOURCES.txt'
running build
running build_py
creating /ieee_simulation/ws/build/gazebo_tools/build
creating /ieee_simulation/ws/build/gazebo_tools/build/lib
creating /ieee_simulation/ws/build/gazebo_tools/build/lib/gazebo_tools
copying gazebo_tools/__init__.py -> /ieee_simulation/ws/build/gazebo_tools/build/lib/gazebo_tools
running install
running install_lib
creating /ieee_simulation/ws/install/gazebo_tools/lib/python3.10/site-packages/gazebo_tools
copying /ieee_simulation/ws/build/gazebo_tools/build/lib/gazebo_tools/__init__.py -> /ieee_simulation/ws/install/gazebo_tools/lib/python3.10/site-packages/gazebo_tools
byte-compiling /ieee_simulation/ws/install/gazebo_tools/lib/python3.10/site-packages/gazebo_tools/__init__.py to __init__.cpython-310.pyc
running install_data
copying resource/gazebo_tools -> /ieee_simulation/ws/install/gazebo_tools/share/ament_index/resource_index/packages
copying package.xml -> /ieee_simulation/ws/install/gazebo_tools/share/gazebo_tools
copying launch/gazebo.launch.py -> /ieee_simulation/ws/install/gazebo_tools/share/gazebo_tools/launch
copying description/my_robot.urdf.xacro -> /ieee_simulation/ws/install/gazebo_tools/share/gazebo_tools/description
copying rviz/stage.rviz -> /ieee_simulation/ws/install/gazebo_tools/share/gazebo_tools/rviz
copying worlds/stage.sdf -> /ieee_simulation/ws/install/gazebo_tools/share/gazebo_tools/worlds
running install_egg_info
Copying ../../build/gazebo_tools/gazebo_tools.egg-info to /ieee_simulation/ws/install/gazebo_tools/lib/python3.10/site-packages/gazebo_tools-0.0.0-py3.10.egg-info
running install_scripts
writing list of installed files to '/ieee_simulation/ws/build/gazebo_tools/install.log'
