[0.554s] Invoking command in '/ieee_simulation/ws/build/nav_main': PYTHONPATH=/ieee_simulation/ws/build/nav_main/prefix_override:/usr/lib/python3/dist-packages/colcon_core/task/python/colcon_distutils_commands:/ieee_simulation/ws/install/nav_main/lib/python3.10/site-packages:${PYTHONPATH} /usr/bin/python3 -W ignore:setup.py install is deprecated -W ignore:easy_install command is deprecated setup.py develop --uninstall --editable --build-directory /ieee_simulation/ws/build/nav_main/build
[0.715s] running develop
[0.816s] Removing /ieee_simulation/ws/install/nav_main/lib/python3.10/site-packages/nav-main.egg-link (link to .)
[0.862s] Invoked command in '/ieee_simulation/ws/build/nav_main' returned '0': PYTHONPATH=/ieee_simulation/ws/build/nav_main/prefix_override:/usr/lib/python3/dist-packages/colcon_core/task/python/colcon_distutils_commands:/ieee_simulation/ws/install/nav_main/lib/python3.10/site-packages:${PYTHONPATH} /usr/bin/python3 -W ignore:setup.py install is deprecated -W ignore:easy_install command is deprecated setup.py develop --uninstall --editable --build-directory /ieee_simulation/ws/build/nav_main/build
[0.864s] Invoking command in '/ieee_simulation/ws/src/nav_main': PYTHONPATH=/ieee_simulation/ws/build/nav_main/prefix_override:/usr/lib/python3/dist-packages/colcon_core/task/python/colcon_distutils_commands:/ieee_simulation/ws/install/nav_main/lib/python3.10/site-packages:${PYTHONPATH} /usr/bin/python3 -W ignore:setup.py install is deprecated -W ignore:easy_install command is deprecated setup.py egg_info --egg-base ../../build/nav_main build --build-base /ieee_simulation/ws/build/nav_main/build install --record /ieee_simulation/ws/build/nav_main/install.log --single-version-externally-managed install_data --force
[1.032s] running egg_info
[1.032s] writing ../../build/nav_main/nav_main.egg-info/PKG-INFO
[1.032s] writing dependency_links to ../../build/nav_main/nav_main.egg-info/dependency_links.txt
[1.033s] writing entry points to ../../build/nav_main/nav_main.egg-info/entry_points.txt
[1.033s] writing requirements to ../../build/nav_main/nav_main.egg-info/requires.txt
[1.033s] writing top-level names to ../../build/nav_main/nav_main.egg-info/top_level.txt
[1.034s] reading manifest file '../../build/nav_main/nav_main.egg-info/SOURCES.txt'
[1.035s] writing manifest file '../../build/nav_main/nav_main.egg-info/SOURCES.txt'
[1.035s] running build
[1.035s] running build_py
[1.035s] creating /ieee_simulation/ws/build/nav_main/build
[1.035s] creating /ieee_simulation/ws/build/nav_main/build/lib
[1.035s] creating /ieee_simulation/ws/build/nav_main/build/lib/nav_main
[1.035s] copying nav_main/holonomic_controller.py -> /ieee_simulation/ws/build/nav_main/build/lib/nav_main
[1.035s] copying nav_main/__init__.py -> /ieee_simulation/ws/build/nav_main/build/lib/nav_main
[1.035s] running install
[1.036s] running install_lib
[1.036s] creating /ieee_simulation/ws/install/nav_main/lib/python3.10/site-packages/nav_main
[1.036s] copying /ieee_simulation/ws/build/nav_main/build/lib/nav_main/holonomic_controller.py -> /ieee_simulation/ws/install/nav_main/lib/python3.10/site-packages/nav_main
[1.036s] copying /ieee_simulation/ws/build/nav_main/build/lib/nav_main/__init__.py -> /ieee_simulation/ws/install/nav_main/lib/python3.10/site-packages/nav_main
[1.037s] byte-compiling /ieee_simulation/ws/install/nav_main/lib/python3.10/site-packages/nav_main/holonomic_controller.py to holonomic_controller.cpython-310.pyc
[1.037s] byte-compiling /ieee_simulation/ws/install/nav_main/lib/python3.10/site-packages/nav_main/__init__.py to __init__.cpython-310.pyc
[1.038s] running install_data
[1.038s] copying resource/nav_main -> /ieee_simulation/ws/install/nav_main/share/ament_index/resource_index/packages
[1.038s] copying package.xml -> /ieee_simulation/ws/install/nav_main/share/nav_main
[1.038s] copying launch/gazebo_simulator.launch.xml -> /ieee_simulation/ws/install/nav_main/share/nav_main/launch
[1.038s] copying launch/gazebo_simulator.launch.py -> /ieee_simulation/ws/install/nav_main/share/nav_main/launch
[1.038s] copying config/holonomic_velocity_controller.yaml -> /ieee_simulation/ws/install/nav_main/share/nav_main/config
[1.038s] running install_egg_info
[1.040s] Copying ../../build/nav_main/nav_main.egg-info to /ieee_simulation/ws/install/nav_main/lib/python3.10/site-packages/nav_main-0.0.0-py3.10.egg-info
[1.040s] running install_scripts
[1.055s] Installing holonomic_controller script to /ieee_simulation/ws/install/nav_main/lib/nav_main
[1.056s] writing list of installed files to '/ieee_simulation/ws/build/nav_main/install.log'
[1.073s] Invoked command in '/ieee_simulation/ws/src/nav_main' returned '0': PYTHONPATH=/ieee_simulation/ws/build/nav_main/prefix_override:/usr/lib/python3/dist-packages/colcon_core/task/python/colcon_distutils_commands:/ieee_simulation/ws/install/nav_main/lib/python3.10/site-packages:${PYTHONPATH} /usr/bin/python3 -W ignore:setup.py install is deprecated -W ignore:easy_install command is deprecated setup.py egg_info --egg-base ../../build/nav_main build --build-base /ieee_simulation/ws/build/nav_main/build install --record /ieee_simulation/ws/build/nav_main/install.log --single-version-externally-managed install_data --force
