[0.514s] Invoking command in '/ieee_simulation/ws/build/gazebo_tools': PYTHONPATH=/ieee_simulation/ws/build/gazebo_tools/prefix_override:/usr/lib/python3/dist-packages/colcon_core/task/python/colcon_distutils_commands:/ieee_simulation/ws/install/gazebo_tools/lib/python3.10/site-packages:${PYTHONPATH} /usr/bin/python3 -W ignore:setup.py install is deprecated -W ignore:easy_install command is deprecated setup.py develop --editable --build-directory /ieee_simulation/ws/build/gazebo_tools/build --no-deps symlink_data
[0.664s] running develop
[0.744s] running egg_info
[0.744s] creating gazebo_tools.egg-info
[0.744s] writing gazebo_tools.egg-info/PKG-INFO
[0.744s] writing dependency_links to gazebo_tools.egg-info/dependency_links.txt
[0.744s] writing entry points to gazebo_tools.egg-info/entry_points.txt
[0.744s] writing requirements to gazebo_tools.egg-info/requires.txt
[0.744s] writing top-level names to gazebo_tools.egg-info/top_level.txt
[0.745s] writing manifest file 'gazebo_tools.egg-info/SOURCES.txt'
[0.745s] reading manifest file 'gazebo_tools.egg-info/SOURCES.txt'
[0.746s] writing manifest file 'gazebo_tools.egg-info/SOURCES.txt'
[0.747s] running build_ext
[0.747s] Creating /ieee_simulation/ws/install/gazebo_tools/lib/python3.10/site-packages/gazebo-tools.egg-link (link to .)
[0.747s] 
[0.747s] Installed /ieee_simulation/ws/build/gazebo_tools
[0.747s] running symlink_data
[0.748s] creating /ieee_simulation/ws/install/gazebo_tools/share/ament_index
[0.748s] creating /ieee_simulation/ws/install/gazebo_tools/share/ament_index/resource_index
[0.748s] creating /ieee_simulation/ws/install/gazebo_tools/share/ament_index/resource_index/packages
[0.748s] symbolically linking /ieee_simulation/ws/build/gazebo_tools/resource/gazebo_tools -> /ieee_simulation/ws/install/gazebo_tools/share/ament_index/resource_index/packages
[0.748s] symbolically linking /ieee_simulation/ws/build/gazebo_tools/package.xml -> /ieee_simulation/ws/install/gazebo_tools/share/gazebo_tools
[0.748s] creating /ieee_simulation/ws/install/gazebo_tools/share/gazebo_tools/launch
[0.748s] symbolically linking /ieee_simulation/ws/build/gazebo_tools/launch/gazebo.launch.py -> /ieee_simulation/ws/install/gazebo_tools/share/gazebo_tools/launch
[0.748s] creating /ieee_simulation/ws/install/gazebo_tools/share/gazebo_tools/description
[0.748s] symbolically linking /ieee_simulation/ws/build/gazebo_tools/description/my_robot.xacro -> /ieee_simulation/ws/install/gazebo_tools/share/gazebo_tools/description
[0.748s] creating /ieee_simulation/ws/install/gazebo_tools/share/gazebo_tools/rviz
[0.748s] symbolically linking /ieee_simulation/ws/build/gazebo_tools/rviz/stage.rviz -> /ieee_simulation/ws/install/gazebo_tools/share/gazebo_tools/rviz
[0.748s] creating /ieee_simulation/ws/install/gazebo_tools/share/gazebo_tools/worlds
[0.748s] symbolically linking /ieee_simulation/ws/build/gazebo_tools/worlds/stage.sdf -> /ieee_simulation/ws/install/gazebo_tools/share/gazebo_tools/worlds
[0.779s] Invoked command in '/ieee_simulation/ws/build/gazebo_tools' returned '0': PYTHONPATH=/ieee_simulation/ws/build/gazebo_tools/prefix_override:/usr/lib/python3/dist-packages/colcon_core/task/python/colcon_distutils_commands:/ieee_simulation/ws/install/gazebo_tools/lib/python3.10/site-packages:${PYTHONPATH} /usr/bin/python3 -W ignore:setup.py install is deprecated -W ignore:easy_install command is deprecated setup.py develop --editable --build-directory /ieee_simulation/ws/build/gazebo_tools/build --no-deps symlink_data
